
///////////////////////////////////
// Efinity Synthesis Started 
// Dec 12, 2022 21:48:50
///////////////////////////////////


///////////////////////////////////
// Efinity Synthesis Started 
// Dec 12, 2022 21:49:56
///////////////////////////////////

[EFX-0011 VERI-WARNING] parameter 'NUM_MASTERS' declared inside package 'Skeleton_package' shall be treated as localparam (VERI-2418) (D:\Cloud\Github\CMD3_KIT\Software\TrionT8_KIT\prj_file\Skeleton_package.sv:6)
[EFX-0011 VERI-WARNING] parameter 'NUM_SLAVES' declared inside package 'Skeleton_package' shall be treated as localparam (VERI-2418) (D:\Cloud\Github\CMD3_KIT\Software\TrionT8_KIT\prj_file\Skeleton_package.sv:7)
[EFX-0011 VERI-WARNING] parameter 'USB_IFace_OFFSET' declared inside package 'Skeleton_package' shall be treated as localparam (VERI-2418) (D:\Cloud\Github\CMD3_KIT\Software\TrionT8_KIT\prj_file\Skeleton_package.sv:14)
[EFX-0011 VERI-WARNING] parameter 'USB_IFace_SIZE' declared inside package 'Skeleton_package' shall be treated as localparam (VERI-2418) (D:\Cloud\Github\CMD3_KIT\Software\TrionT8_KIT\prj_file\Skeleton_package.sv:15)
[EFX-0011 VERI-WARNING] parameter 'TEST_RAM_OFFSET' declared inside package 'Skeleton_package' shall be treated as localparam (VERI-2418) (D:\Cloud\Github\CMD3_KIT\Software\TrionT8_KIT\prj_file\Skeleton_package.sv:18)
[EFX-0011 VERI-WARNING] parameter 'TEST_RAM_SIZE' declared inside package 'Skeleton_package' shall be treated as localparam (VERI-2418) (D:\Cloud\Github\CMD3_KIT\Software\TrionT8_KIT\prj_file\Skeleton_package.sv:19)

///////////////////////////////////
// Efinity Synthesis Started 
// Dec 12, 2022 21:51:20
///////////////////////////////////

[EFX-0011 VERI-WARNING] parameter 'NUM_MASTERS' declared inside package 'Skeleton_package' shall be treated as localparam (VERI-2418) (D:\Cloud\Github\CMD3_KIT\Software\TrionT8_KIT\prj_file\Skeleton_package.sv:6)
[EFX-0011 VERI-WARNING] parameter 'NUM_SLAVES' declared inside package 'Skeleton_package' shall be treated as localparam (VERI-2418) (D:\Cloud\Github\CMD3_KIT\Software\TrionT8_KIT\prj_file\Skeleton_package.sv:7)
[EFX-0011 VERI-WARNING] parameter 'USB_IFace_OFFSET' declared inside package 'Skeleton_package' shall be treated as localparam (VERI-2418) (D:\Cloud\Github\CMD3_KIT\Software\TrionT8_KIT\prj_file\Skeleton_package.sv:14)
[EFX-0011 VERI-WARNING] parameter 'USB_IFace_SIZE' declared inside package 'Skeleton_package' shall be treated as localparam (VERI-2418) (D:\Cloud\Github\CMD3_KIT\Software\TrionT8_KIT\prj_file\Skeleton_package.sv:15)
[EFX-0011 VERI-WARNING] parameter 'TEST_RAM_OFFSET' declared inside package 'Skeleton_package' shall be treated as localparam (VERI-2418) (D:\Cloud\Github\CMD3_KIT\Software\TrionT8_KIT\prj_file\Skeleton_package.sv:18)
[EFX-0011 VERI-WARNING] parameter 'TEST_RAM_SIZE' declared inside package 'Skeleton_package' shall be treated as localparam (VERI-2418) (D:\Cloud\Github\CMD3_KIT\Software\TrionT8_KIT\prj_file\Skeleton_package.sv:19)

///////////////////////////////////
// Efinity Synthesis Started 
// Dec 12, 2022 22:21:29
///////////////////////////////////

[EFX-0011 VERI-WARNING] parameter 'NUM_MASTERS' declared inside package 'Skeleton_package' shall be treated as localparam (VERI-2418) (D:\Cloud\Github\CMD3_KIT\Software\TrionT8_KIT\prj_file\Skeleton_package.sv:6)
[EFX-0011 VERI-WARNING] parameter 'NUM_SLAVES' declared inside package 'Skeleton_package' shall be treated as localparam (VERI-2418) (D:\Cloud\Github\CMD3_KIT\Software\TrionT8_KIT\prj_file\Skeleton_package.sv:7)
[EFX-0011 VERI-WARNING] parameter 'USB_IFace_OFFSET' declared inside package 'Skeleton_package' shall be treated as localparam (VERI-2418) (D:\Cloud\Github\CMD3_KIT\Software\TrionT8_KIT\prj_file\Skeleton_package.sv:14)
[EFX-0011 VERI-WARNING] parameter 'USB_IFace_SIZE' declared inside package 'Skeleton_package' shall be treated as localparam (VERI-2418) (D:\Cloud\Github\CMD3_KIT\Software\TrionT8_KIT\prj_file\Skeleton_package.sv:15)
[EFX-0011 VERI-WARNING] parameter 'TEST_RAM_OFFSET' declared inside package 'Skeleton_package' shall be treated as localparam (VERI-2418) (D:\Cloud\Github\CMD3_KIT\Software\TrionT8_KIT\prj_file\Skeleton_package.sv:18)
[EFX-0011 VERI-WARNING] parameter 'TEST_RAM_SIZE' declared inside package 'Skeleton_package' shall be treated as localparam (VERI-2418) (D:\Cloud\Github\CMD3_KIT\Software\TrionT8_KIT\prj_file\Skeleton_package.sv:19)

///////////////////////////////////
// Efinity Synthesis Started 
// Dec 12, 2022 22:22:15
///////////////////////////////////

[EFX-0011 VERI-WARNING] parameter 'NUM_MASTERS' declared inside package 'Skeleton_package' shall be treated as localparam (VERI-2418) (D:\Cloud\Github\CMD3_KIT\Software\TrionT8_KIT\prj_file\Skeleton_package.sv:6)
[EFX-0011 VERI-WARNING] parameter 'NUM_SLAVES' declared inside package 'Skeleton_package' shall be treated as localparam (VERI-2418) (D:\Cloud\Github\CMD3_KIT\Software\TrionT8_KIT\prj_file\Skeleton_package.sv:7)
[EFX-0011 VERI-WARNING] parameter 'USB_IFace_OFFSET' declared inside package 'Skeleton_package' shall be treated as localparam (VERI-2418) (D:\Cloud\Github\CMD3_KIT\Software\TrionT8_KIT\prj_file\Skeleton_package.sv:14)
[EFX-0011 VERI-WARNING] parameter 'USB_IFace_SIZE' declared inside package 'Skeleton_package' shall be treated as localparam (VERI-2418) (D:\Cloud\Github\CMD3_KIT\Software\TrionT8_KIT\prj_file\Skeleton_package.sv:15)
[EFX-0011 VERI-WARNING] parameter 'TEST_RAM_OFFSET' declared inside package 'Skeleton_package' shall be treated as localparam (VERI-2418) (D:\Cloud\Github\CMD3_KIT\Software\TrionT8_KIT\prj_file\Skeleton_package.sv:18)
[EFX-0011 VERI-WARNING] parameter 'TEST_RAM_SIZE' declared inside package 'Skeleton_package' shall be treated as localparam (VERI-2418) (D:\Cloud\Github\CMD3_KIT\Software\TrionT8_KIT\prj_file\Skeleton_package.sv:19)

///////////////////////////////////
// Efinity Synthesis Started 
// Dec 12, 2022 22:22:40
///////////////////////////////////

[EFX-0011 VERI-WARNING] parameter 'NUM_MASTERS' declared inside package 'Skeleton_package' shall be treated as localparam (VERI-2418) (D:\Cloud\Github\CMD3_KIT\Software\TrionT8_KIT\prj_file\Skeleton_package.sv:6)
[EFX-0011 VERI-WARNING] parameter 'NUM_SLAVES' declared inside package 'Skeleton_package' shall be treated as localparam (VERI-2418) (D:\Cloud\Github\CMD3_KIT\Software\TrionT8_KIT\prj_file\Skeleton_package.sv:7)
[EFX-0011 VERI-WARNING] parameter 'USB_IFace_OFFSET' declared inside package 'Skeleton_package' shall be treated as localparam (VERI-2418) (D:\Cloud\Github\CMD3_KIT\Software\TrionT8_KIT\prj_file\Skeleton_package.sv:14)
[EFX-0011 VERI-WARNING] parameter 'USB_IFace_SIZE' declared inside package 'Skeleton_package' shall be treated as localparam (VERI-2418) (D:\Cloud\Github\CMD3_KIT\Software\TrionT8_KIT\prj_file\Skeleton_package.sv:15)
[EFX-0011 VERI-WARNING] parameter 'TEST_RAM_OFFSET' declared inside package 'Skeleton_package' shall be treated as localparam (VERI-2418) (D:\Cloud\Github\CMD3_KIT\Software\TrionT8_KIT\prj_file\Skeleton_package.sv:18)
[EFX-0011 VERI-WARNING] parameter 'TEST_RAM_SIZE' declared inside package 'Skeleton_package' shall be treated as localparam (VERI-2418) (D:\Cloud\Github\CMD3_KIT\Software\TrionT8_KIT\prj_file\Skeleton_package.sv:19)

///////////////////////////////////
// Efinity Synthesis Started 
// Dec 12, 2022 22:23:06
///////////////////////////////////

[EFX-0011 VERI-WARNING] parameter 'NUM_MASTERS' declared inside package 'Skeleton_package' shall be treated as localparam (VERI-2418) (D:\Cloud\Github\CMD3_KIT\Software\TrionT8_KIT\prj_file\Skeleton_package.sv:6)
[EFX-0011 VERI-WARNING] parameter 'NUM_SLAVES' declared inside package 'Skeleton_package' shall be treated as localparam (VERI-2418) (D:\Cloud\Github\CMD3_KIT\Software\TrionT8_KIT\prj_file\Skeleton_package.sv:7)
[EFX-0011 VERI-WARNING] parameter 'USB_IFace_OFFSET' declared inside package 'Skeleton_package' shall be treated as localparam (VERI-2418) (D:\Cloud\Github\CMD3_KIT\Software\TrionT8_KIT\prj_file\Skeleton_package.sv:14)
[EFX-0011 VERI-WARNING] parameter 'USB_IFace_SIZE' declared inside package 'Skeleton_package' shall be treated as localparam (VERI-2418) (D:\Cloud\Github\CMD3_KIT\Software\TrionT8_KIT\prj_file\Skeleton_package.sv:15)
[EFX-0011 VERI-WARNING] parameter 'TEST_RAM_OFFSET' declared inside package 'Skeleton_package' shall be treated as localparam (VERI-2418) (D:\Cloud\Github\CMD3_KIT\Software\TrionT8_KIT\prj_file\Skeleton_package.sv:18)
[EFX-0011 VERI-WARNING] parameter 'TEST_RAM_SIZE' declared inside package 'Skeleton_package' shall be treated as localparam (VERI-2418) (D:\Cloud\Github\CMD3_KIT\Software\TrionT8_KIT\prj_file\Skeleton_package.sv:19)
[EFX-0011 VERI-WARNING] non-net output port 'AccessRequest' cannot be initialized at declaration in SystemVerilog mode (VERI-2522) (D:\Cloud\Github\CMD3_KIT\Software\TrionT8_KIT\prj_file\USB_RAM_Reg.sv:43)
[EFX-0011 VERI-WARNING] actual bit length 16 differs from formal bit length 9 for port 'AddrBus_In' (VERI-1330) (D:\Cloud\Github\CMD3_KIT\Software\TrionT8_KIT\TrionT8_KIT.sv:232)

///////////////////////////////////
// Efinity Synthesis Started 
// Dec 12, 2022 22:23:37
///////////////////////////////////

[EFX-0011 VERI-WARNING] parameter 'NUM_MASTERS' declared inside package 'Skeleton_package' shall be treated as localparam (VERI-2418) (D:\Cloud\Github\CMD3_KIT\Software\TrionT8_KIT\prj_file\Skeleton_package.sv:6)
[EFX-0011 VERI-WARNING] parameter 'NUM_SLAVES' declared inside package 'Skeleton_package' shall be treated as localparam (VERI-2418) (D:\Cloud\Github\CMD3_KIT\Software\TrionT8_KIT\prj_file\Skeleton_package.sv:7)
[EFX-0011 VERI-WARNING] parameter 'USB_IFace_OFFSET' declared inside package 'Skeleton_package' shall be treated as localparam (VERI-2418) (D:\Cloud\Github\CMD3_KIT\Software\TrionT8_KIT\prj_file\Skeleton_package.sv:14)
[EFX-0011 VERI-WARNING] parameter 'USB_IFace_SIZE' declared inside package 'Skeleton_package' shall be treated as localparam (VERI-2418) (D:\Cloud\Github\CMD3_KIT\Software\TrionT8_KIT\prj_file\Skeleton_package.sv:15)
[EFX-0011 VERI-WARNING] parameter 'TEST_RAM_OFFSET' declared inside package 'Skeleton_package' shall be treated as localparam (VERI-2418) (D:\Cloud\Github\CMD3_KIT\Software\TrionT8_KIT\prj_file\Skeleton_package.sv:18)
[EFX-0011 VERI-WARNING] parameter 'TEST_RAM_SIZE' declared inside package 'Skeleton_package' shall be treated as localparam (VERI-2418) (D:\Cloud\Github\CMD3_KIT\Software\TrionT8_KIT\prj_file\Skeleton_package.sv:19)
[EFX-0011 VERI-WARNING] non-net output port 'AccessRequest' cannot be initialized at declaration in SystemVerilog mode (VERI-2522) (D:\Cloud\Github\CMD3_KIT\Software\TrionT8_KIT\prj_file\USB_RAM_Reg.sv:43)
[EFX-0011 VERI-WARNING] port 'q_a' remains unconnected for this instance (VERI-1927) (D:\Cloud\Github\CMD3_KIT\Software\TrionT8_KIT\TrionT8_KIT.sv:276)
[EFX-0011 VERI-WARNING] actual bit length 16 differs from formal bit length 9 for port 'AddrBus_In' (VERI-1330) (D:\Cloud\Github\CMD3_KIT\Software\TrionT8_KIT\TrionT8_KIT.sv:232)
[EFX-0011 VERI-WARNING] actual bit length 1 differs from formal bit length 16 for port 'data_b' (VERI-1330) (D:\Cloud\Github\CMD3_KIT\Software\TrionT8_KIT\TrionT8_KIT.sv:273)
[EFX-0011 VERI-WARNING] net 'clk100' does not have a driver (VDB-1002) (D:\Cloud\Github\CMD3_KIT\Software\TrionT8_KIT\TrionT8_KIT.sv:30)

///////////////////////////////////
// Efinity Synthesis Started 
// Dec 12, 2022 22:36:44
///////////////////////////////////

[EFX-0011 VERI-WARNING] parameter 'NUM_MASTERS' declared inside package 'Skeleton_package' shall be treated as localparam (VERI-2418) (D:\Cloud\Github\CMD3_KIT\Software\TrionT8_KIT\prj_file\Skeleton_package.sv:6)
[EFX-0011 VERI-WARNING] parameter 'NUM_SLAVES' declared inside package 'Skeleton_package' shall be treated as localparam (VERI-2418) (D:\Cloud\Github\CMD3_KIT\Software\TrionT8_KIT\prj_file\Skeleton_package.sv:7)
[EFX-0011 VERI-WARNING] parameter 'USB_IFace_OFFSET' declared inside package 'Skeleton_package' shall be treated as localparam (VERI-2418) (D:\Cloud\Github\CMD3_KIT\Software\TrionT8_KIT\prj_file\Skeleton_package.sv:14)
[EFX-0011 VERI-WARNING] parameter 'USB_IFace_SIZE' declared inside package 'Skeleton_package' shall be treated as localparam (VERI-2418) (D:\Cloud\Github\CMD3_KIT\Software\TrionT8_KIT\prj_file\Skeleton_package.sv:15)
[EFX-0011 VERI-WARNING] parameter 'TEST_RAM_OFFSET' declared inside package 'Skeleton_package' shall be treated as localparam (VERI-2418) (D:\Cloud\Github\CMD3_KIT\Software\TrionT8_KIT\prj_file\Skeleton_package.sv:18)
[EFX-0011 VERI-WARNING] parameter 'TEST_RAM_SIZE' declared inside package 'Skeleton_package' shall be treated as localparam (VERI-2418) (D:\Cloud\Github\CMD3_KIT\Software\TrionT8_KIT\prj_file\Skeleton_package.sv:19)
[EFX-0011 VERI-WARNING] non-net output port 'AccessRequest' cannot be initialized at declaration in SystemVerilog mode (VERI-2522) (D:\Cloud\Github\CMD3_KIT\Software\TrionT8_KIT\prj_file\USB_RAM_Reg.sv:43)
[EFX-0011 VERI-WARNING] port 'q_a' remains unconnected for this instance (VERI-1927) (D:\Cloud\Github\CMD3_KIT\Software\TrionT8_KIT\TrionT8_KIT.sv:276)
[EFX-0011 VERI-WARNING] actual bit length 16 differs from formal bit length 9 for port 'AddrBus_In' (VERI-1330) (D:\Cloud\Github\CMD3_KIT\Software\TrionT8_KIT\TrionT8_KIT.sv:232)
[EFX-0011 VERI-WARNING] actual bit length 1 differs from formal bit length 16 for port 'data_b' (VERI-1330) (D:\Cloud\Github\CMD3_KIT\Software\TrionT8_KIT\TrionT8_KIT.sv:273)
[EFX-0011 VERI-WARNING] net 'clk100' does not have a driver (VDB-1002) (D:\Cloud\Github\CMD3_KIT\Software\TrionT8_KIT\TrionT8_KIT.sv:30)

///////////////////////////////////
// Efinity Synthesis Started 
// Dec 12, 2022 22:41:37
///////////////////////////////////

[EFX-0011 VERI-WARNING] parameter 'NUM_MASTERS' declared inside package 'Skeleton_package' shall be treated as localparam (VERI-2418) (D:\Cloud\Github\CMD3_KIT\Software\TrionT8_KIT\prj_file\Skeleton_package.sv:6)
[EFX-0011 VERI-WARNING] parameter 'NUM_SLAVES' declared inside package 'Skeleton_package' shall be treated as localparam (VERI-2418) (D:\Cloud\Github\CMD3_KIT\Software\TrionT8_KIT\prj_file\Skeleton_package.sv:7)
[EFX-0011 VERI-WARNING] parameter 'USB_IFace_OFFSET' declared inside package 'Skeleton_package' shall be treated as localparam (VERI-2418) (D:\Cloud\Github\CMD3_KIT\Software\TrionT8_KIT\prj_file\Skeleton_package.sv:14)
[EFX-0011 VERI-WARNING] parameter 'USB_IFace_SIZE' declared inside package 'Skeleton_package' shall be treated as localparam (VERI-2418) (D:\Cloud\Github\CMD3_KIT\Software\TrionT8_KIT\prj_file\Skeleton_package.sv:15)
[EFX-0011 VERI-WARNING] parameter 'TEST_RAM_OFFSET' declared inside package 'Skeleton_package' shall be treated as localparam (VERI-2418) (D:\Cloud\Github\CMD3_KIT\Software\TrionT8_KIT\prj_file\Skeleton_package.sv:18)
[EFX-0011 VERI-WARNING] parameter 'TEST_RAM_SIZE' declared inside package 'Skeleton_package' shall be treated as localparam (VERI-2418) (D:\Cloud\Github\CMD3_KIT\Software\TrionT8_KIT\prj_file\Skeleton_package.sv:19)
[EFX-0011 VERI-WARNING] non-net output port 'AccessRequest' cannot be initialized at declaration in SystemVerilog mode (VERI-2522) (D:\Cloud\Github\CMD3_KIT\Software\TrionT8_KIT\prj_file\USB_RAM_Reg.sv:43)
[EFX-0011 VERI-WARNING] port 'q_a' remains unconnected for this instance (VERI-1927) (D:\Cloud\Github\CMD3_KIT\Software\TrionT8_KIT\TrionT8_KIT.sv:276)
[EFX-0011 VERI-WARNING] actual bit length 1 differs from formal bit length 8 for port 'FT_DATA_In' (VERI-1330) (D:\Cloud\Github\CMD3_KIT\Software\TrionT8_KIT\TrionT8_KIT.sv:210)
[EFX-0011 VERI-WARNING] actual bit length 1 differs from formal bit length 8 for port 'FT_DATA_Out' (VERI-1330) (D:\Cloud\Github\CMD3_KIT\Software\TrionT8_KIT\TrionT8_KIT.sv:211)
[EFX-0011 VERI-WARNING] actual bit length 16 differs from formal bit length 9 for port 'AddrBus_In' (VERI-1330) (D:\Cloud\Github\CMD3_KIT\Software\TrionT8_KIT\TrionT8_KIT.sv:232)
[EFX-0011 VERI-WARNING] expression size 8 truncated to fit in target size 1 (VERI-1209) (D:\Cloud\Github\CMD3_KIT\Software\TrionT8_KIT\TrionT8_KIT.sv:237)
[EFX-0011 VERI-WARNING] actual bit length 1 differs from formal bit length 16 for port 'data_b' (VERI-1330) (D:\Cloud\Github\CMD3_KIT\Software\TrionT8_KIT\TrionT8_KIT.sv:273)
[EFX-0011 VERI-WARNING] net 'clk100' does not have a driver (VDB-1002) (D:\Cloud\Github\CMD3_KIT\Software\TrionT8_KIT\TrionT8_KIT.sv:30)
[EFX-0011 VERI-WARNING] net 'FT_ZZ' does not have a driver (VDB-1002) (D:\Cloud\Github\CMD3_KIT\Software\TrionT8_KIT\TrionT8_KIT.sv:199)
[EFX-0011 VERI-WARNING] net 'FT_DATA_Out[0]' does not have a driver (VDB-1002) (D:\Cloud\Github\CMD3_KIT\Software\TrionT8_KIT\TrionT8_KIT.sv:201)
[EFX-0011 VERI-WARNING] net 'FT_DATA_IN' does not have a driver (VDB-1002) (D:\Cloud\Github\CMD3_KIT\Software\TrionT8_KIT\TrionT8_KIT.sv:210)
[EFX-0256 WARNING] The primary output port 'LedR' wire 'LedR' is not driven.
[EFX-0266 WARNING] Module Instance 'USB_RAM_Reg_inst' input pin tied to constant (FT_DATA_In[1]=0).
[EFX-0266 WARNING] Module Instance 'USB_RAM_Reg_inst' input pin tied to constant (FT_DATA_In[2]=0).
[EFX-0266 WARNING] Module Instance 'USB_RAM_Reg_inst' input pin tied to constant (FT_DATA_In[3]=0).
[EFX-0266 WARNING] Module Instance 'USB_RAM_Reg_inst' input pin tied to constant (FT_DATA_In[4]=0).
[EFX-0266 WARNING] Module Instance 'USB_RAM_Reg_inst' input pin tied to constant (FT_DATA_In[5]=0).
[EFX-0266 WARNING] Module Instance 'USB_RAM_Reg_inst' input pin tied to constant (FT_DATA_In[6]=0).
[EFX-0266 WARNING] Module Instance 'USB_RAM_Reg_inst' input pin tied to constant (FT_DATA_In[7]=0).
[EFX-0266 WARNING] Module Instance 'Dual_Port_RAM_inst' input pin tied to constant (data_b[0]=0).
[EFX-0266 WARNING] Module Instance 'Dual_Port_RAM_inst' input pin tied to constant (data_b[1]=0).
[EFX-0266 WARNING] Module Instance 'Dual_Port_RAM_inst' input pin tied to constant (data_b[2]=0).
[EFX-0266 WARNING] Module Instance 'Dual_Port_RAM_inst' input pin tied to constant (data_b[3]=0).
[EFX-0266 WARNING] Module Instance 'Dual_Port_RAM_inst' input pin tied to constant (data_b[4]=0).
[EFX-0266 WARNING] Module Instance 'Dual_Port_RAM_inst' input pin tied to constant (data_b[5]=0).
[EFX-0266 WARNING] Module Instance 'Dual_Port_RAM_inst' input pin tied to constant (data_b[6]=0).
[EFX-0266 WARNING] Module Instance 'Dual_Port_RAM_inst' input pin tied to constant (data_b[7]=0).
[EFX-0266 WARNING] Module Instance 'Dual_Port_RAM_inst' input pin tied to constant (data_b[8]=0).
[EFX-0266 WARNING] Module Instance 'Dual_Port_RAM_inst' input pin tied to constant (data_b[9]=0).
[EFX-0266 WARNING] Module Instance 'Dual_Port_RAM_inst' input pin tied to constant (data_b[10]=0).
[EFX-0266 WARNING] Module Instance 'Dual_Port_RAM_inst' input pin tied to constant (data_b[11]=0).
[EFX-0266 WARNING] Module Instance 'Dual_Port_RAM_inst' input pin tied to constant (data_b[12]=0).
[EFX-0266 WARNING] Module Instance 'Dual_Port_RAM_inst' input pin tied to constant (data_b[13]=0).
[EFX-0266 WARNING] Module Instance 'Dual_Port_RAM_inst' input pin tied to constant (data_b[14]=0).
[EFX-0266 WARNING] Module Instance 'Dual_Port_RAM_inst' input pin tied to constant (data_b[15]=0).
[EFX-0266 WARNING] Module Instance 'Dual_Port_RAM_inst' input pin tied to constant (wren_b=0).
[EFX-0201 WARNING] Re-wiring to GND non-driven net 'LedR'. (D:\Cloud\Github\CMD3_KIT\Software\TrionT8_KIT\TrionT8_KIT.sv:17)
[EFX-0201 WARNING] Re-wiring to GND non-driven net 'clk100'. (D:\Cloud\Github\CMD3_KIT\Software\TrionT8_KIT\TrionT8_KIT.sv:30)
[EFX-0200 WARNING] Removing redundant signal : clk150. (D:\Cloud\Github\CMD3_KIT\Software\TrionT8_KIT\TrionT8_KIT.sv:31)
[EFX-0200 WARNING] Removing redundant signal : pll_locked. (D:\Cloud\Github\CMD3_KIT\Software\TrionT8_KIT\TrionT8_KIT.sv:32)
[EFX-0200 WARNING] Removing redundant signal : USB_DataBus_In[15]. (D:\Cloud\Github\CMD3_KIT\Software\TrionT8_KIT\TrionT8_KIT.sv:50)
[EFX-0200 WARNING] Removing redundant signal : USB_DataBus_In[14]. (D:\Cloud\Github\CMD3_KIT\Software\TrionT8_KIT\TrionT8_KIT.sv:50)
[EFX-0200 WARNING] Removing redundant signal : USB_DataBus_In[13]. (D:\Cloud\Github\CMD3_KIT\Software\TrionT8_KIT\TrionT8_KIT.sv:50)
[EFX-0200 WARNING] Removing redundant signal : USB_DataBus_In[12]. (D:\Cloud\Github\CMD3_KIT\Software\TrionT8_KIT\TrionT8_KIT.sv:50)
[EFX-0200 WARNING] Removing redundant signal : USB_DataBus_In[11]. (D:\Cloud\Github\CMD3_KIT\Software\TrionT8_KIT\TrionT8_KIT.sv:50)
[EFX-0200 WARNING] Removing redundant signal : USB_DataBus_In[10]. (D:\Cloud\Github\CMD3_KIT\Software\TrionT8_KIT\TrionT8_KIT.sv:50)
[EFX-0200 WARNING] Removing redundant signal : USB_DataBus_In[9]. (D:\Cloud\Github\CMD3_KIT\Software\TrionT8_KIT\TrionT8_KIT.sv:50)
[EFX-0200 WARNING] Removing redundant signal : USB_DataBus_In[8]. (D:\Cloud\Github\CMD3_KIT\Software\TrionT8_KIT\TrionT8_KIT.sv:50)
[EFX-0200 WARNING] Removing redundant signal : USB_DataBus_In[7]. (D:\Cloud\Github\CMD3_KIT\Software\TrionT8_KIT\TrionT8_KIT.sv:50)
[EFX-0200 WARNING] Removing redundant signal : USB_DataBus_In[6]. (D:\Cloud\Github\CMD3_KIT\Software\TrionT8_KIT\TrionT8_KIT.sv:50)
[EFX-0200 WARNING] Removing redundant signal : USB_DataBus_In[5]. (D:\Cloud\Github\CMD3_KIT\Software\TrionT8_KIT\TrionT8_KIT.sv:50)
[EFX-0200 WARNING] Removing redundant signal : USB_DataBus_In[4]. (D:\Cloud\Github\CMD3_KIT\Software\TrionT8_KIT\TrionT8_KIT.sv:50)
[EFX-0200 WARNING] Removing redundant signal : USB_DataBus_In[3]. (D:\Cloud\Github\CMD3_KIT\Software\TrionT8_KIT\TrionT8_KIT.sv:50)
[EFX-0200 WARNING] Removing redundant signal : USB_DataBus_In[2]. (D:\Cloud\Github\CMD3_KIT\Software\TrionT8_KIT\TrionT8_KIT.sv:50)
[EFX-0200 WARNING] Removing redundant signal : USB_DataBus_In[1]. (D:\Cloud\Github\CMD3_KIT\Software\TrionT8_KIT\TrionT8_KIT.sv:50)
[EFX-0200 WARNING] Removing redundant signal : USB_DataBus_In[0]. (D:\Cloud\Github\CMD3_KIT\Software\TrionT8_KIT\TrionT8_KIT.sv:50)
[EFX-0200 WARNING] Removing redundant signal : USB_Direct_In. (D:\Cloud\Github\CMD3_KIT\Software\TrionT8_KIT\TrionT8_KIT.sv:58)
[EFX-0200 WARNING] Removing redundant signal : USB_AddrBus_In[15]. (D:\Cloud\Github\CMD3_KIT\Software\TrionT8_KIT\TrionT8_KIT.sv:59)
[EFX-0201 WARNING] Re-wiring to GND non-driven net 'FT_ZZ'. (D:\Cloud\Github\CMD3_KIT\Software\TrionT8_KIT\TrionT8_KIT.sv:199)
[EFX-0201 WARNING] Re-wiring to GND non-driven net 'FT_DATA_Out[0]'. (D:\Cloud\Github\CMD3_KIT\Software\TrionT8_KIT\TrionT8_KIT.sv:201)
[EFX-0201 WARNING] Re-wiring to GND non-driven net 'FT_DATA_IN'. (D:\Cloud\Github\CMD3_KIT\Software\TrionT8_KIT\TrionT8_KIT.sv:210)

///////////////////////////////////
// Efinity Synthesis Started 
// Dec 12, 2022 22:42:52
///////////////////////////////////

[EFX-0011 VERI-WARNING] parameter 'NUM_MASTERS' declared inside package 'Skeleton_package' shall be treated as localparam (VERI-2418) (D:\Cloud\Github\CMD3_KIT\Software\TrionT8_KIT\prj_file\Skeleton_package.sv:6)
[EFX-0011 VERI-WARNING] parameter 'NUM_SLAVES' declared inside package 'Skeleton_package' shall be treated as localparam (VERI-2418) (D:\Cloud\Github\CMD3_KIT\Software\TrionT8_KIT\prj_file\Skeleton_package.sv:7)
[EFX-0011 VERI-WARNING] parameter 'USB_IFace_OFFSET' declared inside package 'Skeleton_package' shall be treated as localparam (VERI-2418) (D:\Cloud\Github\CMD3_KIT\Software\TrionT8_KIT\prj_file\Skeleton_package.sv:14)
[EFX-0011 VERI-WARNING] parameter 'USB_IFace_SIZE' declared inside package 'Skeleton_package' shall be treated as localparam (VERI-2418) (D:\Cloud\Github\CMD3_KIT\Software\TrionT8_KIT\prj_file\Skeleton_package.sv:15)
[EFX-0011 VERI-WARNING] parameter 'TEST_RAM_OFFSET' declared inside package 'Skeleton_package' shall be treated as localparam (VERI-2418) (D:\Cloud\Github\CMD3_KIT\Software\TrionT8_KIT\prj_file\Skeleton_package.sv:18)
[EFX-0011 VERI-WARNING] parameter 'TEST_RAM_SIZE' declared inside package 'Skeleton_package' shall be treated as localparam (VERI-2418) (D:\Cloud\Github\CMD3_KIT\Software\TrionT8_KIT\prj_file\Skeleton_package.sv:19)
[EFX-0011 VERI-WARNING] non-net output port 'AccessRequest' cannot be initialized at declaration in SystemVerilog mode (VERI-2522) (D:\Cloud\Github\CMD3_KIT\Software\TrionT8_KIT\prj_file\USB_RAM_Reg.sv:43)
[EFX-0011 VERI-WARNING] port 'q_a' remains unconnected for this instance (VERI-1927) (D:\Cloud\Github\CMD3_KIT\Software\TrionT8_KIT\TrionT8_KIT.sv:276)
[EFX-0011 VERI-WARNING] actual bit length 1 differs from formal bit length 8 for port 'FT_DATA_In' (VERI-1330) (D:\Cloud\Github\CMD3_KIT\Software\TrionT8_KIT\TrionT8_KIT.sv:210)
[EFX-0011 VERI-WARNING] actual bit length 1 differs from formal bit length 8 for port 'FT_DATA_Out' (VERI-1330) (D:\Cloud\Github\CMD3_KIT\Software\TrionT8_KIT\TrionT8_KIT.sv:211)
[EFX-0011 VERI-WARNING] actual bit length 16 differs from formal bit length 9 for port 'AddrBus_In' (VERI-1330) (D:\Cloud\Github\CMD3_KIT\Software\TrionT8_KIT\TrionT8_KIT.sv:232)
[EFX-0011 VERI-WARNING] expression size 8 truncated to fit in target size 1 (VERI-1209) (D:\Cloud\Github\CMD3_KIT\Software\TrionT8_KIT\TrionT8_KIT.sv:237)
[EFX-0011 VERI-WARNING] actual bit length 1 differs from formal bit length 16 for port 'data_b' (VERI-1330) (D:\Cloud\Github\CMD3_KIT\Software\TrionT8_KIT\TrionT8_KIT.sv:273)
[EFX-0011 VERI-WARNING] net 'clk100' does not have a driver (VDB-1002) (D:\Cloud\Github\CMD3_KIT\Software\TrionT8_KIT\TrionT8_KIT.sv:30)
[EFX-0011 VERI-WARNING] net 'FT_ZZ' does not have a driver (VDB-1002) (D:\Cloud\Github\CMD3_KIT\Software\TrionT8_KIT\TrionT8_KIT.sv:199)
[EFX-0011 VERI-WARNING] net 'FT_DATA_Out[0]' does not have a driver (VDB-1002) (D:\Cloud\Github\CMD3_KIT\Software\TrionT8_KIT\TrionT8_KIT.sv:201)
[EFX-0011 VERI-WARNING] net 'FT_DATA_IN' does not have a driver (VDB-1002) (D:\Cloud\Github\CMD3_KIT\Software\TrionT8_KIT\TrionT8_KIT.sv:210)
[EFX-0256 WARNING] The primary output port 'LedR' wire 'LedR' is not driven.
[EFX-0266 WARNING] Module Instance 'USB_RAM_Reg_inst' input pin tied to constant (FT_DATA_In[1]=0).
[EFX-0266 WARNING] Module Instance 'USB_RAM_Reg_inst' input pin tied to constant (FT_DATA_In[2]=0).
[EFX-0266 WARNING] Module Instance 'USB_RAM_Reg_inst' input pin tied to constant (FT_DATA_In[3]=0).
[EFX-0266 WARNING] Module Instance 'USB_RAM_Reg_inst' input pin tied to constant (FT_DATA_In[4]=0).
[EFX-0266 WARNING] Module Instance 'USB_RAM_Reg_inst' input pin tied to constant (FT_DATA_In[5]=0).
[EFX-0266 WARNING] Module Instance 'USB_RAM_Reg_inst' input pin tied to constant (FT_DATA_In[6]=0).
[EFX-0266 WARNING] Module Instance 'USB_RAM_Reg_inst' input pin tied to constant (FT_DATA_In[7]=0).
[EFX-0266 WARNING] Module Instance 'Dual_Port_RAM_inst' input pin tied to constant (data_b[0]=0).
[EFX-0266 WARNING] Module Instance 'Dual_Port_RAM_inst' input pin tied to constant (data_b[1]=0).
[EFX-0266 WARNING] Module Instance 'Dual_Port_RAM_inst' input pin tied to constant (data_b[2]=0).
[EFX-0266 WARNING] Module Instance 'Dual_Port_RAM_inst' input pin tied to constant (data_b[3]=0).
[EFX-0266 WARNING] Module Instance 'Dual_Port_RAM_inst' input pin tied to constant (data_b[4]=0).
[EFX-0266 WARNING] Module Instance 'Dual_Port_RAM_inst' input pin tied to constant (data_b[5]=0).
[EFX-0266 WARNING] Module Instance 'Dual_Port_RAM_inst' input pin tied to constant (data_b[6]=0).
[EFX-0266 WARNING] Module Instance 'Dual_Port_RAM_inst' input pin tied to constant (data_b[7]=0).
[EFX-0266 WARNING] Module Instance 'Dual_Port_RAM_inst' input pin tied to constant (data_b[8]=0).
[EFX-0266 WARNING] Module Instance 'Dual_Port_RAM_inst' input pin tied to constant (data_b[9]=0).
[EFX-0266 WARNING] Module Instance 'Dual_Port_RAM_inst' input pin tied to constant (data_b[10]=0).
[EFX-0266 WARNING] Module Instance 'Dual_Port_RAM_inst' input pin tied to constant (data_b[11]=0).
[EFX-0266 WARNING] Module Instance 'Dual_Port_RAM_inst' input pin tied to constant (data_b[12]=0).
[EFX-0266 WARNING] Module Instance 'Dual_Port_RAM_inst' input pin tied to constant (data_b[13]=0).
[EFX-0266 WARNING] Module Instance 'Dual_Port_RAM_inst' input pin tied to constant (data_b[14]=0).
[EFX-0266 WARNING] Module Instance 'Dual_Port_RAM_inst' input pin tied to constant (data_b[15]=0).
[EFX-0266 WARNING] Module Instance 'Dual_Port_RAM_inst' input pin tied to constant (wren_b=0).
[EFX-0201 WARNING] Re-wiring to GND non-driven net 'LedR'. (D:\Cloud\Github\CMD3_KIT\Software\TrionT8_KIT\TrionT8_KIT.sv:17)
[EFX-0201 WARNING] Re-wiring to GND non-driven net 'clk100'. (D:\Cloud\Github\CMD3_KIT\Software\TrionT8_KIT\TrionT8_KIT.sv:30)
[EFX-0200 WARNING] Removing redundant signal : clk150. (D:\Cloud\Github\CMD3_KIT\Software\TrionT8_KIT\TrionT8_KIT.sv:31)
[EFX-0200 WARNING] Removing redundant signal : pll_locked. (D:\Cloud\Github\CMD3_KIT\Software\TrionT8_KIT\TrionT8_KIT.sv:32)
[EFX-0200 WARNING] Removing redundant signal : USB_DataBus_In[15]. (D:\Cloud\Github\CMD3_KIT\Software\TrionT8_KIT\TrionT8_KIT.sv:50)
[EFX-0200 WARNING] Removing redundant signal : USB_DataBus_In[14]. (D:\Cloud\Github\CMD3_KIT\Software\TrionT8_KIT\TrionT8_KIT.sv:50)
[EFX-0200 WARNING] Removing redundant signal : USB_DataBus_In[13]. (D:\Cloud\Github\CMD3_KIT\Software\TrionT8_KIT\TrionT8_KIT.sv:50)
[EFX-0200 WARNING] Removing redundant signal : USB_DataBus_In[12]. (D:\Cloud\Github\CMD3_KIT\Software\TrionT8_KIT\TrionT8_KIT.sv:50)
[EFX-0200 WARNING] Removing redundant signal : USB_DataBus_In[11]. (D:\Cloud\Github\CMD3_KIT\Software\TrionT8_KIT\TrionT8_KIT.sv:50)
[EFX-0200 WARNING] Removing redundant signal : USB_DataBus_In[10]. (D:\Cloud\Github\CMD3_KIT\Software\TrionT8_KIT\TrionT8_KIT.sv:50)
[EFX-0200 WARNING] Removing redundant signal : USB_DataBus_In[9]. (D:\Cloud\Github\CMD3_KIT\Software\TrionT8_KIT\TrionT8_KIT.sv:50)
[EFX-0200 WARNING] Removing redundant signal : USB_DataBus_In[8]. (D:\Cloud\Github\CMD3_KIT\Software\TrionT8_KIT\TrionT8_KIT.sv:50)
[EFX-0200 WARNING] Removing redundant signal : USB_DataBus_In[7]. (D:\Cloud\Github\CMD3_KIT\Software\TrionT8_KIT\TrionT8_KIT.sv:50)
[EFX-0200 WARNING] Removing redundant signal : USB_DataBus_In[6]. (D:\Cloud\Github\CMD3_KIT\Software\TrionT8_KIT\TrionT8_KIT.sv:50)
[EFX-0200 WARNING] Removing redundant signal : USB_DataBus_In[5]. (D:\Cloud\Github\CMD3_KIT\Software\TrionT8_KIT\TrionT8_KIT.sv:50)
[EFX-0200 WARNING] Removing redundant signal : USB_DataBus_In[4]. (D:\Cloud\Github\CMD3_KIT\Software\TrionT8_KIT\TrionT8_KIT.sv:50)
[EFX-0200 WARNING] Removing redundant signal : USB_DataBus_In[3]. (D:\Cloud\Github\CMD3_KIT\Software\TrionT8_KIT\TrionT8_KIT.sv:50)
[EFX-0200 WARNING] Removing redundant signal : USB_DataBus_In[2]. (D:\Cloud\Github\CMD3_KIT\Software\TrionT8_KIT\TrionT8_KIT.sv:50)
[EFX-0200 WARNING] Removing redundant signal : USB_DataBus_In[1]. (D:\Cloud\Github\CMD3_KIT\Software\TrionT8_KIT\TrionT8_KIT.sv:50)
[EFX-0200 WARNING] Removing redundant signal : USB_DataBus_In[0]. (D:\Cloud\Github\CMD3_KIT\Software\TrionT8_KIT\TrionT8_KIT.sv:50)
[EFX-0200 WARNING] Removing redundant signal : USB_Direct_In. (D:\Cloud\Github\CMD3_KIT\Software\TrionT8_KIT\TrionT8_KIT.sv:58)
[EFX-0200 WARNING] Removing redundant signal : USB_AddrBus_In[15]. (D:\Cloud\Github\CMD3_KIT\Software\TrionT8_KIT\TrionT8_KIT.sv:59)
[EFX-0201 WARNING] Re-wiring to GND non-driven net 'FT_ZZ'. (D:\Cloud\Github\CMD3_KIT\Software\TrionT8_KIT\TrionT8_KIT.sv:199)
[EFX-0201 WARNING] Re-wiring to GND non-driven net 'FT_DATA_Out[0]'. (D:\Cloud\Github\CMD3_KIT\Software\TrionT8_KIT\TrionT8_KIT.sv:201)
[EFX-0201 WARNING] Re-wiring to GND non-driven net 'FT_DATA_IN'. (D:\Cloud\Github\CMD3_KIT\Software\TrionT8_KIT\TrionT8_KIT.sv:210)

///////////////////////////////////
// Efinity Synthesis Started 
// Dec 12, 2022 22:43:00
///////////////////////////////////

[EFX-0011 VERI-WARNING] parameter 'NUM_MASTERS' declared inside package 'Skeleton_package' shall be treated as localparam (VERI-2418) (D:\Cloud\Github\CMD3_KIT\Software\TrionT8_KIT\prj_file\Skeleton_package.sv:6)
[EFX-0011 VERI-WARNING] parameter 'NUM_SLAVES' declared inside package 'Skeleton_package' shall be treated as localparam (VERI-2418) (D:\Cloud\Github\CMD3_KIT\Software\TrionT8_KIT\prj_file\Skeleton_package.sv:7)
[EFX-0011 VERI-WARNING] parameter 'USB_IFace_OFFSET' declared inside package 'Skeleton_package' shall be treated as localparam (VERI-2418) (D:\Cloud\Github\CMD3_KIT\Software\TrionT8_KIT\prj_file\Skeleton_package.sv:14)
[EFX-0011 VERI-WARNING] parameter 'USB_IFace_SIZE' declared inside package 'Skeleton_package' shall be treated as localparam (VERI-2418) (D:\Cloud\Github\CMD3_KIT\Software\TrionT8_KIT\prj_file\Skeleton_package.sv:15)
[EFX-0011 VERI-WARNING] parameter 'TEST_RAM_OFFSET' declared inside package 'Skeleton_package' shall be treated as localparam (VERI-2418) (D:\Cloud\Github\CMD3_KIT\Software\TrionT8_KIT\prj_file\Skeleton_package.sv:18)
[EFX-0011 VERI-WARNING] parameter 'TEST_RAM_SIZE' declared inside package 'Skeleton_package' shall be treated as localparam (VERI-2418) (D:\Cloud\Github\CMD3_KIT\Software\TrionT8_KIT\prj_file\Skeleton_package.sv:19)
[EFX-0011 VERI-WARNING] non-net output port 'AccessRequest' cannot be initialized at declaration in SystemVerilog mode (VERI-2522) (D:\Cloud\Github\CMD3_KIT\Software\TrionT8_KIT\prj_file\USB_RAM_Reg.sv:43)
[EFX-0011 VERI-WARNING] port 'q_a' remains unconnected for this instance (VERI-1927) (D:\Cloud\Github\CMD3_KIT\Software\TrionT8_KIT\TrionT8_KIT.sv:276)
[EFX-0011 VERI-WARNING] actual bit length 1 differs from formal bit length 8 for port 'FT_DATA_In' (VERI-1330) (D:\Cloud\Github\CMD3_KIT\Software\TrionT8_KIT\TrionT8_KIT.sv:210)
[EFX-0011 VERI-WARNING] actual bit length 1 differs from formal bit length 8 for port 'FT_DATA_Out' (VERI-1330) (D:\Cloud\Github\CMD3_KIT\Software\TrionT8_KIT\TrionT8_KIT.sv:211)
[EFX-0011 VERI-WARNING] actual bit length 16 differs from formal bit length 9 for port 'AddrBus_In' (VERI-1330) (D:\Cloud\Github\CMD3_KIT\Software\TrionT8_KIT\TrionT8_KIT.sv:232)
[EFX-0011 VERI-WARNING] expression size 8 truncated to fit in target size 1 (VERI-1209) (D:\Cloud\Github\CMD3_KIT\Software\TrionT8_KIT\TrionT8_KIT.sv:237)
[EFX-0011 VERI-WARNING] actual bit length 1 differs from formal bit length 16 for port 'data_b' (VERI-1330) (D:\Cloud\Github\CMD3_KIT\Software\TrionT8_KIT\TrionT8_KIT.sv:273)
[EFX-0011 VERI-WARNING] net 'clk100' does not have a driver (VDB-1002) (D:\Cloud\Github\CMD3_KIT\Software\TrionT8_KIT\TrionT8_KIT.sv:30)
[EFX-0011 VERI-WARNING] net 'FT_ZZ' does not have a driver (VDB-1002) (D:\Cloud\Github\CMD3_KIT\Software\TrionT8_KIT\TrionT8_KIT.sv:199)
[EFX-0011 VERI-WARNING] net 'FT_DATA_Out[0]' does not have a driver (VDB-1002) (D:\Cloud\Github\CMD3_KIT\Software\TrionT8_KIT\TrionT8_KIT.sv:201)
[EFX-0011 VERI-WARNING] net 'FT_DATA_IN' does not have a driver (VDB-1002) (D:\Cloud\Github\CMD3_KIT\Software\TrionT8_KIT\TrionT8_KIT.sv:210)
[EFX-0256 WARNING] The primary output port 'LedR' wire 'LedR' is not driven.
[EFX-0266 WARNING] Module Instance 'USB_RAM_Reg_inst' input pin tied to constant (FT_DATA_In[1]=0).
[EFX-0266 WARNING] Module Instance 'USB_RAM_Reg_inst' input pin tied to constant (FT_DATA_In[2]=0).
[EFX-0266 WARNING] Module Instance 'USB_RAM_Reg_inst' input pin tied to constant (FT_DATA_In[3]=0).
[EFX-0266 WARNING] Module Instance 'USB_RAM_Reg_inst' input pin tied to constant (FT_DATA_In[4]=0).
[EFX-0266 WARNING] Module Instance 'USB_RAM_Reg_inst' input pin tied to constant (FT_DATA_In[5]=0).
[EFX-0266 WARNING] Module Instance 'USB_RAM_Reg_inst' input pin tied to constant (FT_DATA_In[6]=0).
[EFX-0266 WARNING] Module Instance 'USB_RAM_Reg_inst' input pin tied to constant (FT_DATA_In[7]=0).
[EFX-0266 WARNING] Module Instance 'Dual_Port_RAM_inst' input pin tied to constant (data_b[0]=0).
[EFX-0266 WARNING] Module Instance 'Dual_Port_RAM_inst' input pin tied to constant (data_b[1]=0).
[EFX-0266 WARNING] Module Instance 'Dual_Port_RAM_inst' input pin tied to constant (data_b[2]=0).
[EFX-0266 WARNING] Module Instance 'Dual_Port_RAM_inst' input pin tied to constant (data_b[3]=0).
[EFX-0266 WARNING] Module Instance 'Dual_Port_RAM_inst' input pin tied to constant (data_b[4]=0).
[EFX-0266 WARNING] Module Instance 'Dual_Port_RAM_inst' input pin tied to constant (data_b[5]=0).
[EFX-0266 WARNING] Module Instance 'Dual_Port_RAM_inst' input pin tied to constant (data_b[6]=0).
[EFX-0266 WARNING] Module Instance 'Dual_Port_RAM_inst' input pin tied to constant (data_b[7]=0).
[EFX-0266 WARNING] Module Instance 'Dual_Port_RAM_inst' input pin tied to constant (data_b[8]=0).
[EFX-0266 WARNING] Module Instance 'Dual_Port_RAM_inst' input pin tied to constant (data_b[9]=0).
[EFX-0266 WARNING] Module Instance 'Dual_Port_RAM_inst' input pin tied to constant (data_b[10]=0).
[EFX-0266 WARNING] Module Instance 'Dual_Port_RAM_inst' input pin tied to constant (data_b[11]=0).
[EFX-0266 WARNING] Module Instance 'Dual_Port_RAM_inst' input pin tied to constant (data_b[12]=0).
[EFX-0266 WARNING] Module Instance 'Dual_Port_RAM_inst' input pin tied to constant (data_b[13]=0).
[EFX-0266 WARNING] Module Instance 'Dual_Port_RAM_inst' input pin tied to constant (data_b[14]=0).
[EFX-0266 WARNING] Module Instance 'Dual_Port_RAM_inst' input pin tied to constant (data_b[15]=0).
[EFX-0266 WARNING] Module Instance 'Dual_Port_RAM_inst' input pin tied to constant (wren_b=0).
[EFX-0201 WARNING] Re-wiring to GND non-driven net 'LedR'. (D:\Cloud\Github\CMD3_KIT\Software\TrionT8_KIT\TrionT8_KIT.sv:17)
[EFX-0201 WARNING] Re-wiring to GND non-driven net 'clk100'. (D:\Cloud\Github\CMD3_KIT\Software\TrionT8_KIT\TrionT8_KIT.sv:30)
[EFX-0200 WARNING] Removing redundant signal : clk150. (D:\Cloud\Github\CMD3_KIT\Software\TrionT8_KIT\TrionT8_KIT.sv:31)
[EFX-0200 WARNING] Removing redundant signal : pll_locked. (D:\Cloud\Github\CMD3_KIT\Software\TrionT8_KIT\TrionT8_KIT.sv:32)
[EFX-0200 WARNING] Removing redundant signal : USB_DataBus_In[15]. (D:\Cloud\Github\CMD3_KIT\Software\TrionT8_KIT\TrionT8_KIT.sv:50)
[EFX-0200 WARNING] Removing redundant signal : USB_DataBus_In[14]. (D:\Cloud\Github\CMD3_KIT\Software\TrionT8_KIT\TrionT8_KIT.sv:50)
[EFX-0200 WARNING] Removing redundant signal : USB_DataBus_In[13]. (D:\Cloud\Github\CMD3_KIT\Software\TrionT8_KIT\TrionT8_KIT.sv:50)
[EFX-0200 WARNING] Removing redundant signal : USB_DataBus_In[12]. (D:\Cloud\Github\CMD3_KIT\Software\TrionT8_KIT\TrionT8_KIT.sv:50)
[EFX-0200 WARNING] Removing redundant signal : USB_DataBus_In[11]. (D:\Cloud\Github\CMD3_KIT\Software\TrionT8_KIT\TrionT8_KIT.sv:50)
[EFX-0200 WARNING] Removing redundant signal : USB_DataBus_In[10]. (D:\Cloud\Github\CMD3_KIT\Software\TrionT8_KIT\TrionT8_KIT.sv:50)
[EFX-0200 WARNING] Removing redundant signal : USB_DataBus_In[9]. (D:\Cloud\Github\CMD3_KIT\Software\TrionT8_KIT\TrionT8_KIT.sv:50)
[EFX-0200 WARNING] Removing redundant signal : USB_DataBus_In[8]. (D:\Cloud\Github\CMD3_KIT\Software\TrionT8_KIT\TrionT8_KIT.sv:50)
[EFX-0200 WARNING] Removing redundant signal : USB_DataBus_In[7]. (D:\Cloud\Github\CMD3_KIT\Software\TrionT8_KIT\TrionT8_KIT.sv:50)
[EFX-0200 WARNING] Removing redundant signal : USB_DataBus_In[6]. (D:\Cloud\Github\CMD3_KIT\Software\TrionT8_KIT\TrionT8_KIT.sv:50)
[EFX-0200 WARNING] Removing redundant signal : USB_DataBus_In[5]. (D:\Cloud\Github\CMD3_KIT\Software\TrionT8_KIT\TrionT8_KIT.sv:50)
[EFX-0200 WARNING] Removing redundant signal : USB_DataBus_In[4]. (D:\Cloud\Github\CMD3_KIT\Software\TrionT8_KIT\TrionT8_KIT.sv:50)
[EFX-0200 WARNING] Removing redundant signal : USB_DataBus_In[3]. (D:\Cloud\Github\CMD3_KIT\Software\TrionT8_KIT\TrionT8_KIT.sv:50)
[EFX-0200 WARNING] Removing redundant signal : USB_DataBus_In[2]. (D:\Cloud\Github\CMD3_KIT\Software\TrionT8_KIT\TrionT8_KIT.sv:50)
[EFX-0200 WARNING] Removing redundant signal : USB_DataBus_In[1]. (D:\Cloud\Github\CMD3_KIT\Software\TrionT8_KIT\TrionT8_KIT.sv:50)
[EFX-0200 WARNING] Removing redundant signal : USB_DataBus_In[0]. (D:\Cloud\Github\CMD3_KIT\Software\TrionT8_KIT\TrionT8_KIT.sv:50)
[EFX-0200 WARNING] Removing redundant signal : USB_Direct_In. (D:\Cloud\Github\CMD3_KIT\Software\TrionT8_KIT\TrionT8_KIT.sv:58)
[EFX-0200 WARNING] Removing redundant signal : USB_AddrBus_In[15]. (D:\Cloud\Github\CMD3_KIT\Software\TrionT8_KIT\TrionT8_KIT.sv:59)
[EFX-0201 WARNING] Re-wiring to GND non-driven net 'FT_ZZ'. (D:\Cloud\Github\CMD3_KIT\Software\TrionT8_KIT\TrionT8_KIT.sv:199)
[EFX-0201 WARNING] Re-wiring to GND non-driven net 'FT_DATA_Out[0]'. (D:\Cloud\Github\CMD3_KIT\Software\TrionT8_KIT\TrionT8_KIT.sv:201)
[EFX-0201 WARNING] Re-wiring to GND non-driven net 'FT_DATA_IN'. (D:\Cloud\Github\CMD3_KIT\Software\TrionT8_KIT\TrionT8_KIT.sv:210)
[EFX-0011 VERI-WARNING] Input/Inout Port quartz_clk is unconnected and will be removed 
[EFX-0011 VERI-WARNING] Input/Inout Port FT_TX_Enable_n is unconnected and will be removed 
[EFX-0011 VERI-WARNING] Input/Inout Port FT_RX_Full_n is unconnected and will be removed 
[EFX-0011 VERI-WARNING] Input/Inout Port FT_PWR_n is unconnected and will be removed 

///////////////////////////////////
// Efinity Synthesis Started 
// Dec 12, 2022 22:43:15
///////////////////////////////////

[EFX-0011 VERI-WARNING] parameter 'NUM_MASTERS' declared inside package 'Skeleton_package' shall be treated as localparam (VERI-2418) (D:\Cloud\Github\CMD3_KIT\Software\TrionT8_KIT\prj_file\Skeleton_package.sv:6)
[EFX-0011 VERI-WARNING] parameter 'NUM_SLAVES' declared inside package 'Skeleton_package' shall be treated as localparam (VERI-2418) (D:\Cloud\Github\CMD3_KIT\Software\TrionT8_KIT\prj_file\Skeleton_package.sv:7)
[EFX-0011 VERI-WARNING] parameter 'USB_IFace_OFFSET' declared inside package 'Skeleton_package' shall be treated as localparam (VERI-2418) (D:\Cloud\Github\CMD3_KIT\Software\TrionT8_KIT\prj_file\Skeleton_package.sv:14)
[EFX-0011 VERI-WARNING] parameter 'USB_IFace_SIZE' declared inside package 'Skeleton_package' shall be treated as localparam (VERI-2418) (D:\Cloud\Github\CMD3_KIT\Software\TrionT8_KIT\prj_file\Skeleton_package.sv:15)
[EFX-0011 VERI-WARNING] parameter 'TEST_RAM_OFFSET' declared inside package 'Skeleton_package' shall be treated as localparam (VERI-2418) (D:\Cloud\Github\CMD3_KIT\Software\TrionT8_KIT\prj_file\Skeleton_package.sv:18)
[EFX-0011 VERI-WARNING] parameter 'TEST_RAM_SIZE' declared inside package 'Skeleton_package' shall be treated as localparam (VERI-2418) (D:\Cloud\Github\CMD3_KIT\Software\TrionT8_KIT\prj_file\Skeleton_package.sv:19)
[EFX-0011 VERI-WARNING] non-net output port 'AccessRequest' cannot be initialized at declaration in SystemVerilog mode (VERI-2522) (D:\Cloud\Github\CMD3_KIT\Software\TrionT8_KIT\prj_file\USB_RAM_Reg.sv:43)
[EFX-0011 VERI-WARNING] port 'q_a' remains unconnected for this instance (VERI-1927) (D:\Cloud\Github\CMD3_KIT\Software\TrionT8_KIT\TrionT8_KIT.sv:276)
[EFX-0011 VERI-WARNING] actual bit length 1 differs from formal bit length 8 for port 'FT_DATA_In' (VERI-1330) (D:\Cloud\Github\CMD3_KIT\Software\TrionT8_KIT\TrionT8_KIT.sv:210)
[EFX-0011 VERI-WARNING] actual bit length 1 differs from formal bit length 8 for port 'FT_DATA_Out' (VERI-1330) (D:\Cloud\Github\CMD3_KIT\Software\TrionT8_KIT\TrionT8_KIT.sv:211)
[EFX-0011 VERI-WARNING] actual bit length 16 differs from formal bit length 9 for port 'AddrBus_In' (VERI-1330) (D:\Cloud\Github\CMD3_KIT\Software\TrionT8_KIT\TrionT8_KIT.sv:232)
[EFX-0011 VERI-WARNING] expression size 8 truncated to fit in target size 1 (VERI-1209) (D:\Cloud\Github\CMD3_KIT\Software\TrionT8_KIT\TrionT8_KIT.sv:237)
[EFX-0011 VERI-WARNING] actual bit length 1 differs from formal bit length 16 for port 'data_b' (VERI-1330) (D:\Cloud\Github\CMD3_KIT\Software\TrionT8_KIT\TrionT8_KIT.sv:273)
[EFX-0011 VERI-WARNING] net 'clk100' does not have a driver (VDB-1002) (D:\Cloud\Github\CMD3_KIT\Software\TrionT8_KIT\TrionT8_KIT.sv:30)
[EFX-0011 VERI-WARNING] net 'FT_ZZ' does not have a driver (VDB-1002) (D:\Cloud\Github\CMD3_KIT\Software\TrionT8_KIT\TrionT8_KIT.sv:199)
[EFX-0011 VERI-WARNING] net 'FT_DATA_Out[0]' does not have a driver (VDB-1002) (D:\Cloud\Github\CMD3_KIT\Software\TrionT8_KIT\TrionT8_KIT.sv:201)
[EFX-0011 VERI-WARNING] net 'FT_DATA_IN' does not have a driver (VDB-1002) (D:\Cloud\Github\CMD3_KIT\Software\TrionT8_KIT\TrionT8_KIT.sv:210)
[EFX-0256 WARNING] The primary output port 'LedR' wire 'LedR' is not driven.
[EFX-0266 WARNING] Module Instance 'USB_RAM_Reg_inst' input pin tied to constant (FT_DATA_In[1]=0).
[EFX-0266 WARNING] Module Instance 'USB_RAM_Reg_inst' input pin tied to constant (FT_DATA_In[2]=0).
[EFX-0266 WARNING] Module Instance 'USB_RAM_Reg_inst' input pin tied to constant (FT_DATA_In[3]=0).
[EFX-0266 WARNING] Module Instance 'USB_RAM_Reg_inst' input pin tied to constant (FT_DATA_In[4]=0).
[EFX-0266 WARNING] Module Instance 'USB_RAM_Reg_inst' input pin tied to constant (FT_DATA_In[5]=0).
[EFX-0266 WARNING] Module Instance 'USB_RAM_Reg_inst' input pin tied to constant (FT_DATA_In[6]=0).
[EFX-0266 WARNING] Module Instance 'USB_RAM_Reg_inst' input pin tied to constant (FT_DATA_In[7]=0).
[EFX-0266 WARNING] Module Instance 'Dual_Port_RAM_inst' input pin tied to constant (data_b[0]=0).
[EFX-0266 WARNING] Module Instance 'Dual_Port_RAM_inst' input pin tied to constant (data_b[1]=0).
[EFX-0266 WARNING] Module Instance 'Dual_Port_RAM_inst' input pin tied to constant (data_b[2]=0).
[EFX-0266 WARNING] Module Instance 'Dual_Port_RAM_inst' input pin tied to constant (data_b[3]=0).
[EFX-0266 WARNING] Module Instance 'Dual_Port_RAM_inst' input pin tied to constant (data_b[4]=0).
[EFX-0266 WARNING] Module Instance 'Dual_Port_RAM_inst' input pin tied to constant (data_b[5]=0).
[EFX-0266 WARNING] Module Instance 'Dual_Port_RAM_inst' input pin tied to constant (data_b[6]=0).
[EFX-0266 WARNING] Module Instance 'Dual_Port_RAM_inst' input pin tied to constant (data_b[7]=0).
[EFX-0266 WARNING] Module Instance 'Dual_Port_RAM_inst' input pin tied to constant (data_b[8]=0).
[EFX-0266 WARNING] Module Instance 'Dual_Port_RAM_inst' input pin tied to constant (data_b[9]=0).
[EFX-0266 WARNING] Module Instance 'Dual_Port_RAM_inst' input pin tied to constant (data_b[10]=0).
[EFX-0266 WARNING] Module Instance 'Dual_Port_RAM_inst' input pin tied to constant (data_b[11]=0).
[EFX-0266 WARNING] Module Instance 'Dual_Port_RAM_inst' input pin tied to constant (data_b[12]=0).
[EFX-0266 WARNING] Module Instance 'Dual_Port_RAM_inst' input pin tied to constant (data_b[13]=0).
[EFX-0266 WARNING] Module Instance 'Dual_Port_RAM_inst' input pin tied to constant (data_b[14]=0).
[EFX-0266 WARNING] Module Instance 'Dual_Port_RAM_inst' input pin tied to constant (data_b[15]=0).
[EFX-0266 WARNING] Module Instance 'Dual_Port_RAM_inst' input pin tied to constant (wren_b=0).
[EFX-0201 WARNING] Re-wiring to GND non-driven net 'LedR'. (D:\Cloud\Github\CMD3_KIT\Software\TrionT8_KIT\TrionT8_KIT.sv:17)
[EFX-0201 WARNING] Re-wiring to GND non-driven net 'clk100'. (D:\Cloud\Github\CMD3_KIT\Software\TrionT8_KIT\TrionT8_KIT.sv:30)
[EFX-0200 WARNING] Removing redundant signal : clk150. (D:\Cloud\Github\CMD3_KIT\Software\TrionT8_KIT\TrionT8_KIT.sv:31)
[EFX-0200 WARNING] Removing redundant signal : pll_locked. (D:\Cloud\Github\CMD3_KIT\Software\TrionT8_KIT\TrionT8_KIT.sv:32)
[EFX-0200 WARNING] Removing redundant signal : USB_DataBus_In[15]. (D:\Cloud\Github\CMD3_KIT\Software\TrionT8_KIT\TrionT8_KIT.sv:50)
[EFX-0200 WARNING] Removing redundant signal : USB_DataBus_In[14]. (D:\Cloud\Github\CMD3_KIT\Software\TrionT8_KIT\TrionT8_KIT.sv:50)
[EFX-0200 WARNING] Removing redundant signal : USB_DataBus_In[13]. (D:\Cloud\Github\CMD3_KIT\Software\TrionT8_KIT\TrionT8_KIT.sv:50)
[EFX-0200 WARNING] Removing redundant signal : USB_DataBus_In[12]. (D:\Cloud\Github\CMD3_KIT\Software\TrionT8_KIT\TrionT8_KIT.sv:50)
[EFX-0200 WARNING] Removing redundant signal : USB_DataBus_In[11]. (D:\Cloud\Github\CMD3_KIT\Software\TrionT8_KIT\TrionT8_KIT.sv:50)
[EFX-0200 WARNING] Removing redundant signal : USB_DataBus_In[10]. (D:\Cloud\Github\CMD3_KIT\Software\TrionT8_KIT\TrionT8_KIT.sv:50)
[EFX-0200 WARNING] Removing redundant signal : USB_DataBus_In[9]. (D:\Cloud\Github\CMD3_KIT\Software\TrionT8_KIT\TrionT8_KIT.sv:50)
[EFX-0200 WARNING] Removing redundant signal : USB_DataBus_In[8]. (D:\Cloud\Github\CMD3_KIT\Software\TrionT8_KIT\TrionT8_KIT.sv:50)
[EFX-0200 WARNING] Removing redundant signal : USB_DataBus_In[7]. (D:\Cloud\Github\CMD3_KIT\Software\TrionT8_KIT\TrionT8_KIT.sv:50)
[EFX-0200 WARNING] Removing redundant signal : USB_DataBus_In[6]. (D:\Cloud\Github\CMD3_KIT\Software\TrionT8_KIT\TrionT8_KIT.sv:50)
[EFX-0200 WARNING] Removing redundant signal : USB_DataBus_In[5]. (D:\Cloud\Github\CMD3_KIT\Software\TrionT8_KIT\TrionT8_KIT.sv:50)
[EFX-0200 WARNING] Removing redundant signal : USB_DataBus_In[4]. (D:\Cloud\Github\CMD3_KIT\Software\TrionT8_KIT\TrionT8_KIT.sv:50)
[EFX-0200 WARNING] Removing redundant signal : USB_DataBus_In[3]. (D:\Cloud\Github\CMD3_KIT\Software\TrionT8_KIT\TrionT8_KIT.sv:50)
[EFX-0200 WARNING] Removing redundant signal : USB_DataBus_In[2]. (D:\Cloud\Github\CMD3_KIT\Software\TrionT8_KIT\TrionT8_KIT.sv:50)
[EFX-0200 WARNING] Removing redundant signal : USB_DataBus_In[1]. (D:\Cloud\Github\CMD3_KIT\Software\TrionT8_KIT\TrionT8_KIT.sv:50)
[EFX-0200 WARNING] Removing redundant signal : USB_DataBus_In[0]. (D:\Cloud\Github\CMD3_KIT\Software\TrionT8_KIT\TrionT8_KIT.sv:50)
[EFX-0200 WARNING] Removing redundant signal : USB_Direct_In. (D:\Cloud\Github\CMD3_KIT\Software\TrionT8_KIT\TrionT8_KIT.sv:58)
[EFX-0200 WARNING] Removing redundant signal : USB_AddrBus_In[15]. (D:\Cloud\Github\CMD3_KIT\Software\TrionT8_KIT\TrionT8_KIT.sv:59)
[EFX-0201 WARNING] Re-wiring to GND non-driven net 'FT_ZZ'. (D:\Cloud\Github\CMD3_KIT\Software\TrionT8_KIT\TrionT8_KIT.sv:199)
[EFX-0201 WARNING] Re-wiring to GND non-driven net 'FT_DATA_Out[0]'. (D:\Cloud\Github\CMD3_KIT\Software\TrionT8_KIT\TrionT8_KIT.sv:201)
[EFX-0201 WARNING] Re-wiring to GND non-driven net 'FT_DATA_IN'. (D:\Cloud\Github\CMD3_KIT\Software\TrionT8_KIT\TrionT8_KIT.sv:210)
[EFX-0011 VERI-WARNING] Input/Inout Port quartz_clk is unconnected and will be removed 
[EFX-0011 VERI-WARNING] Input/Inout Port FT_TX_Enable_n is unconnected and will be removed 
[EFX-0011 VERI-WARNING] Input/Inout Port FT_RX_Full_n is unconnected and will be removed 
[EFX-0011 VERI-WARNING] Input/Inout Port FT_PWR_n is unconnected and will be removed 

///////////////////////////////////
// Efinity Synthesis Started 
// Dec 12, 2022 22:44:37
///////////////////////////////////

[EFX-0011 VERI-WARNING] parameter 'NUM_MASTERS' declared inside package 'Skeleton_package' shall be treated as localparam (VERI-2418) (D:\Cloud\Github\CMD3_KIT\Software\TrionT8_KIT\prj_file\Skeleton_package.sv:6)
[EFX-0011 VERI-WARNING] parameter 'NUM_SLAVES' declared inside package 'Skeleton_package' shall be treated as localparam (VERI-2418) (D:\Cloud\Github\CMD3_KIT\Software\TrionT8_KIT\prj_file\Skeleton_package.sv:7)
[EFX-0011 VERI-WARNING] parameter 'USB_IFace_OFFSET' declared inside package 'Skeleton_package' shall be treated as localparam (VERI-2418) (D:\Cloud\Github\CMD3_KIT\Software\TrionT8_KIT\prj_file\Skeleton_package.sv:14)
[EFX-0011 VERI-WARNING] parameter 'USB_IFace_SIZE' declared inside package 'Skeleton_package' shall be treated as localparam (VERI-2418) (D:\Cloud\Github\CMD3_KIT\Software\TrionT8_KIT\prj_file\Skeleton_package.sv:15)
[EFX-0011 VERI-WARNING] parameter 'TEST_RAM_OFFSET' declared inside package 'Skeleton_package' shall be treated as localparam (VERI-2418) (D:\Cloud\Github\CMD3_KIT\Software\TrionT8_KIT\prj_file\Skeleton_package.sv:18)
[EFX-0011 VERI-WARNING] parameter 'TEST_RAM_SIZE' declared inside package 'Skeleton_package' shall be treated as localparam (VERI-2418) (D:\Cloud\Github\CMD3_KIT\Software\TrionT8_KIT\prj_file\Skeleton_package.sv:19)
[EFX-0011 VERI-WARNING] non-net output port 'AccessRequest' cannot be initialized at declaration in SystemVerilog mode (VERI-2522) (D:\Cloud\Github\CMD3_KIT\Software\TrionT8_KIT\prj_file\USB_RAM_Reg.sv:43)
[EFX-0011 VERI-WARNING] port 'q_a' remains unconnected for this instance (VERI-1927) (D:\Cloud\Github\CMD3_KIT\Software\TrionT8_KIT\TrionT8_KIT.sv:276)
[EFX-0011 VERI-WARNING] actual bit length 1 differs from formal bit length 8 for port 'FT_DATA_In' (VERI-1330) (D:\Cloud\Github\CMD3_KIT\Software\TrionT8_KIT\TrionT8_KIT.sv:210)
[EFX-0011 VERI-WARNING] actual bit length 1 differs from formal bit length 8 for port 'FT_DATA_Out' (VERI-1330) (D:\Cloud\Github\CMD3_KIT\Software\TrionT8_KIT\TrionT8_KIT.sv:211)
[EFX-0011 VERI-WARNING] actual bit length 16 differs from formal bit length 9 for port 'AddrBus_In' (VERI-1330) (D:\Cloud\Github\CMD3_KIT\Software\TrionT8_KIT\TrionT8_KIT.sv:232)
[EFX-0011 VERI-WARNING] actual bit length 1 differs from formal bit length 16 for port 'data_b' (VERI-1330) (D:\Cloud\Github\CMD3_KIT\Software\TrionT8_KIT\TrionT8_KIT.sv:273)
[EFX-0011 VERI-WARNING] net 'clk100' does not have a driver (VDB-1002) (D:\Cloud\Github\CMD3_KIT\Software\TrionT8_KIT\TrionT8_KIT.sv:30)
[EFX-0011 VERI-WARNING] net 'FT_DATA_IN' does not have a driver (VDB-1002) (D:\Cloud\Github\CMD3_KIT\Software\TrionT8_KIT\TrionT8_KIT.sv:210)
[EFX-0256 WARNING] The primary output port 'LedR' wire 'LedR' is not driven.
[EFX-0266 WARNING] Module Instance 'USB_RAM_Reg_inst' input pin tied to constant (FT_DATA_In[1]=0).
[EFX-0266 WARNING] Module Instance 'USB_RAM_Reg_inst' input pin tied to constant (FT_DATA_In[2]=0).
[EFX-0266 WARNING] Module Instance 'USB_RAM_Reg_inst' input pin tied to constant (FT_DATA_In[3]=0).
[EFX-0266 WARNING] Module Instance 'USB_RAM_Reg_inst' input pin tied to constant (FT_DATA_In[4]=0).
[EFX-0266 WARNING] Module Instance 'USB_RAM_Reg_inst' input pin tied to constant (FT_DATA_In[5]=0).
[EFX-0266 WARNING] Module Instance 'USB_RAM_Reg_inst' input pin tied to constant (FT_DATA_In[6]=0).
[EFX-0266 WARNING] Module Instance 'USB_RAM_Reg_inst' input pin tied to constant (FT_DATA_In[7]=0).
[EFX-0266 WARNING] Module Instance 'Dual_Port_RAM_inst' input pin tied to constant (data_b[0]=0).
[EFX-0266 WARNING] Module Instance 'Dual_Port_RAM_inst' input pin tied to constant (data_b[1]=0).
[EFX-0266 WARNING] Module Instance 'Dual_Port_RAM_inst' input pin tied to constant (data_b[2]=0).
[EFX-0266 WARNING] Module Instance 'Dual_Port_RAM_inst' input pin tied to constant (data_b[3]=0).
[EFX-0266 WARNING] Module Instance 'Dual_Port_RAM_inst' input pin tied to constant (data_b[4]=0).
[EFX-0266 WARNING] Module Instance 'Dual_Port_RAM_inst' input pin tied to constant (data_b[5]=0).
[EFX-0266 WARNING] Module Instance 'Dual_Port_RAM_inst' input pin tied to constant (data_b[6]=0).
[EFX-0266 WARNING] Module Instance 'Dual_Port_RAM_inst' input pin tied to constant (data_b[7]=0).
[EFX-0266 WARNING] Module Instance 'Dual_Port_RAM_inst' input pin tied to constant (data_b[8]=0).
[EFX-0266 WARNING] Module Instance 'Dual_Port_RAM_inst' input pin tied to constant (data_b[9]=0).
[EFX-0266 WARNING] Module Instance 'Dual_Port_RAM_inst' input pin tied to constant (data_b[10]=0).
[EFX-0266 WARNING] Module Instance 'Dual_Port_RAM_inst' input pin tied to constant (data_b[11]=0).
[EFX-0266 WARNING] Module Instance 'Dual_Port_RAM_inst' input pin tied to constant (data_b[12]=0).
[EFX-0266 WARNING] Module Instance 'Dual_Port_RAM_inst' input pin tied to constant (data_b[13]=0).
[EFX-0266 WARNING] Module Instance 'Dual_Port_RAM_inst' input pin tied to constant (data_b[14]=0).
[EFX-0266 WARNING] Module Instance 'Dual_Port_RAM_inst' input pin tied to constant (data_b[15]=0).
[EFX-0266 WARNING] Module Instance 'Dual_Port_RAM_inst' input pin tied to constant (wren_b=0).
[EFX-0201 WARNING] Re-wiring to GND non-driven net 'LedR'. (D:\Cloud\Github\CMD3_KIT\Software\TrionT8_KIT\TrionT8_KIT.sv:17)
[EFX-0201 WARNING] Re-wiring to GND non-driven net 'clk100'. (D:\Cloud\Github\CMD3_KIT\Software\TrionT8_KIT\TrionT8_KIT.sv:30)
[EFX-0200 WARNING] Removing redundant signal : clk150. (D:\Cloud\Github\CMD3_KIT\Software\TrionT8_KIT\TrionT8_KIT.sv:31)
[EFX-0200 WARNING] Removing redundant signal : pll_locked. (D:\Cloud\Github\CMD3_KIT\Software\TrionT8_KIT\TrionT8_KIT.sv:32)
[EFX-0200 WARNING] Removing redundant signal : USB_DataBus_In[15]. (D:\Cloud\Github\CMD3_KIT\Software\TrionT8_KIT\TrionT8_KIT.sv:50)
[EFX-0200 WARNING] Removing redundant signal : USB_DataBus_In[14]. (D:\Cloud\Github\CMD3_KIT\Software\TrionT8_KIT\TrionT8_KIT.sv:50)
[EFX-0200 WARNING] Removing redundant signal : USB_DataBus_In[13]. (D:\Cloud\Github\CMD3_KIT\Software\TrionT8_KIT\TrionT8_KIT.sv:50)
[EFX-0200 WARNING] Removing redundant signal : USB_DataBus_In[12]. (D:\Cloud\Github\CMD3_KIT\Software\TrionT8_KIT\TrionT8_KIT.sv:50)
[EFX-0200 WARNING] Removing redundant signal : USB_DataBus_In[11]. (D:\Cloud\Github\CMD3_KIT\Software\TrionT8_KIT\TrionT8_KIT.sv:50)
[EFX-0200 WARNING] Removing redundant signal : USB_DataBus_In[10]. (D:\Cloud\Github\CMD3_KIT\Software\TrionT8_KIT\TrionT8_KIT.sv:50)
[EFX-0200 WARNING] Removing redundant signal : USB_DataBus_In[9]. (D:\Cloud\Github\CMD3_KIT\Software\TrionT8_KIT\TrionT8_KIT.sv:50)
[EFX-0200 WARNING] Removing redundant signal : USB_DataBus_In[8]. (D:\Cloud\Github\CMD3_KIT\Software\TrionT8_KIT\TrionT8_KIT.sv:50)
[EFX-0200 WARNING] Removing redundant signal : USB_DataBus_In[7]. (D:\Cloud\Github\CMD3_KIT\Software\TrionT8_KIT\TrionT8_KIT.sv:50)
[EFX-0200 WARNING] Removing redundant signal : USB_DataBus_In[6]. (D:\Cloud\Github\CMD3_KIT\Software\TrionT8_KIT\TrionT8_KIT.sv:50)
[EFX-0200 WARNING] Removing redundant signal : USB_DataBus_In[5]. (D:\Cloud\Github\CMD3_KIT\Software\TrionT8_KIT\TrionT8_KIT.sv:50)
[EFX-0200 WARNING] Removing redundant signal : USB_DataBus_In[4]. (D:\Cloud\Github\CMD3_KIT\Software\TrionT8_KIT\TrionT8_KIT.sv:50)
[EFX-0200 WARNING] Removing redundant signal : USB_DataBus_In[3]. (D:\Cloud\Github\CMD3_KIT\Software\TrionT8_KIT\TrionT8_KIT.sv:50)
[EFX-0200 WARNING] Removing redundant signal : USB_DataBus_In[2]. (D:\Cloud\Github\CMD3_KIT\Software\TrionT8_KIT\TrionT8_KIT.sv:50)
[EFX-0200 WARNING] Removing redundant signal : USB_DataBus_In[1]. (D:\Cloud\Github\CMD3_KIT\Software\TrionT8_KIT\TrionT8_KIT.sv:50)
[EFX-0200 WARNING] Removing redundant signal : USB_DataBus_In[0]. (D:\Cloud\Github\CMD3_KIT\Software\TrionT8_KIT\TrionT8_KIT.sv:50)
[EFX-0200 WARNING] Removing redundant signal : USB_Direct_In. (D:\Cloud\Github\CMD3_KIT\Software\TrionT8_KIT\TrionT8_KIT.sv:58)
[EFX-0200 WARNING] Removing redundant signal : USB_AddrBus_In[15]. (D:\Cloud\Github\CMD3_KIT\Software\TrionT8_KIT\TrionT8_KIT.sv:59)
[EFX-0201 WARNING] Re-wiring to GND non-driven net 'FT_DATA_IN'. (D:\Cloud\Github\CMD3_KIT\Software\TrionT8_KIT\TrionT8_KIT.sv:210)
[EFX-0011 VERI-WARNING] Input/Inout Port quartz_clk is unconnected and will be removed 
[EFX-0011 VERI-WARNING] Input/Inout Port FT_TX_Enable_n is unconnected and will be removed 
[EFX-0011 VERI-WARNING] Input/Inout Port FT_RX_Full_n is unconnected and will be removed 
[EFX-0011 VERI-WARNING] Input/Inout Port FT_PWR_n is unconnected and will be removed 

///////////////////////////////////
// Efinity Synthesis Started 
// Dec 12, 2022 22:45:10
///////////////////////////////////

[EFX-0011 VERI-WARNING] parameter 'NUM_MASTERS' declared inside package 'Skeleton_package' shall be treated as localparam (VERI-2418) (D:\Cloud\Github\CMD3_KIT\Software\TrionT8_KIT\prj_file\Skeleton_package.sv:6)
[EFX-0011 VERI-WARNING] parameter 'NUM_SLAVES' declared inside package 'Skeleton_package' shall be treated as localparam (VERI-2418) (D:\Cloud\Github\CMD3_KIT\Software\TrionT8_KIT\prj_file\Skeleton_package.sv:7)
[EFX-0011 VERI-WARNING] parameter 'USB_IFace_OFFSET' declared inside package 'Skeleton_package' shall be treated as localparam (VERI-2418) (D:\Cloud\Github\CMD3_KIT\Software\TrionT8_KIT\prj_file\Skeleton_package.sv:14)
[EFX-0011 VERI-WARNING] parameter 'USB_IFace_SIZE' declared inside package 'Skeleton_package' shall be treated as localparam (VERI-2418) (D:\Cloud\Github\CMD3_KIT\Software\TrionT8_KIT\prj_file\Skeleton_package.sv:15)
[EFX-0011 VERI-WARNING] parameter 'TEST_RAM_OFFSET' declared inside package 'Skeleton_package' shall be treated as localparam (VERI-2418) (D:\Cloud\Github\CMD3_KIT\Software\TrionT8_KIT\prj_file\Skeleton_package.sv:18)
[EFX-0011 VERI-WARNING] parameter 'TEST_RAM_SIZE' declared inside package 'Skeleton_package' shall be treated as localparam (VERI-2418) (D:\Cloud\Github\CMD3_KIT\Software\TrionT8_KIT\prj_file\Skeleton_package.sv:19)
[EFX-0011 VERI-WARNING] non-net output port 'AccessRequest' cannot be initialized at declaration in SystemVerilog mode (VERI-2522) (D:\Cloud\Github\CMD3_KIT\Software\TrionT8_KIT\prj_file\USB_RAM_Reg.sv:43)
[EFX-0011 VERI-WARNING] net 'clk100' does not have a driver (VDB-1002) (D:\Cloud\Github\CMD3_KIT\Software\TrionT8_KIT\TrionT8_KIT.sv:30)
[EFX-0011 VERI-WARNING] net 'address_valid' does not have a driver (VDB-1002) (D:\Cloud\Github\CMD3_KIT\Software\TrionT8_KIT\TrionT8_KIT.sv:37)
[EFX-0011 VERI-WARNING] net 'dev_sel[1]' does not have a driver (VDB-1002) (D:\Cloud\Github\CMD3_KIT\Software\TrionT8_KIT\TrionT8_KIT.sv:47)
[EFX-0011 VERI-WARNING] net 'USB_AccessRequest' does not have a driver (VDB-1002) (D:\Cloud\Github\CMD3_KIT\Software\TrionT8_KIT\TrionT8_KIT.sv:53)
[EFX-0256 WARNING] The primary output port 'FT_WR_Strobe' wire 'FT_WR_Strobe' is not driven.
[EFX-0256 WARNING] The primary output port 'FT_RD_Strobe_n' wire 'FT_RD_Strobe_n' is not driven.
[EFX-0256 WARNING] The primary output port 'USB_Status_LED' wire 'USB_Status_LED' is not driven.
[EFX-0256 WARNING] The primary output port 'LedR' wire 'LedR' is not driven.
[EFX-0256 WARNING] The primary output port 'LedG' wire 'LedG' is not driven.
[EFX-0256 WARNING] The primary output port 'LedB' wire 'LedB' is not driven.
[EFX-0201 WARNING] Re-wiring to GND non-driven net 'FT_WR_Strobe'. (D:\Cloud\Github\CMD3_KIT\Software\TrionT8_KIT\TrionT8_KIT.sv:11)
[EFX-0201 WARNING] Re-wiring to GND non-driven net 'FT_RD_Strobe_n'. (D:\Cloud\Github\CMD3_KIT\Software\TrionT8_KIT\TrionT8_KIT.sv:12)
[EFX-0201 WARNING] Re-wiring to GND non-driven net 'USB_Status_LED'. (D:\Cloud\Github\CMD3_KIT\Software\TrionT8_KIT\TrionT8_KIT.sv:15)
[EFX-0201 WARNING] Re-wiring to GND non-driven net 'LedR'. (D:\Cloud\Github\CMD3_KIT\Software\TrionT8_KIT\TrionT8_KIT.sv:17)
[EFX-0201 WARNING] Re-wiring to GND non-driven net 'LedG'. (D:\Cloud\Github\CMD3_KIT\Software\TrionT8_KIT\TrionT8_KIT.sv:18)
[EFX-0201 WARNING] Re-wiring to GND non-driven net 'LedB'. (D:\Cloud\Github\CMD3_KIT\Software\TrionT8_KIT\TrionT8_KIT.sv:19)
[EFX-0201 WARNING] Re-wiring to GND non-driven net 'clk100'. (D:\Cloud\Github\CMD3_KIT\Software\TrionT8_KIT\TrionT8_KIT.sv:30)
[EFX-0200 WARNING] Removing redundant signal : clk150. (D:\Cloud\Github\CMD3_KIT\Software\TrionT8_KIT\TrionT8_KIT.sv:31)
[EFX-0200 WARNING] Removing redundant signal : pll_locked. (D:\Cloud\Github\CMD3_KIT\Software\TrionT8_KIT\TrionT8_KIT.sv:32)
[EFX-0201 WARNING] Re-wiring to GND non-driven net 'address_valid'. (D:\Cloud\Github\CMD3_KIT\Software\TrionT8_KIT\TrionT8_KIT.sv:37)
[EFX-0200 WARNING] Removing redundant signal : address_bus[15]. (D:\Cloud\Github\CMD3_KIT\Software\TrionT8_KIT\TrionT8_KIT.sv:43)
[EFX-0200 WARNING] Removing redundant signal : address_bus[14]. (D:\Cloud\Github\CMD3_KIT\Software\TrionT8_KIT\TrionT8_KIT.sv:43)
[EFX-0200 WARNING] Removing redundant signal : address_bus[13]. (D:\Cloud\Github\CMD3_KIT\Software\TrionT8_KIT\TrionT8_KIT.sv:43)
[EFX-0200 WARNING] Removing redundant signal : address_bus[12]. (D:\Cloud\Github\CMD3_KIT\Software\TrionT8_KIT\TrionT8_KIT.sv:43)
[EFX-0200 WARNING] Removing redundant signal : address_bus[11]. (D:\Cloud\Github\CMD3_KIT\Software\TrionT8_KIT\TrionT8_KIT.sv:43)
[EFX-0200 WARNING] Removing redundant signal : address_bus[10]. (D:\Cloud\Github\CMD3_KIT\Software\TrionT8_KIT\TrionT8_KIT.sv:43)
[EFX-0200 WARNING] Removing redundant signal : address_bus[9]. (D:\Cloud\Github\CMD3_KIT\Software\TrionT8_KIT\TrionT8_KIT.sv:43)
[EFX-0200 WARNING] Removing redundant signal : address_bus[8]. (D:\Cloud\Github\CMD3_KIT\Software\TrionT8_KIT\TrionT8_KIT.sv:43)
[EFX-0200 WARNING] Removing redundant signal : address_bus[7]. (D:\Cloud\Github\CMD3_KIT\Software\TrionT8_KIT\TrionT8_KIT.sv:43)
[EFX-0200 WARNING] Removing redundant signal : address_bus[6]. (D:\Cloud\Github\CMD3_KIT\Software\TrionT8_KIT\TrionT8_KIT.sv:43)
[EFX-0200 WARNING] Removing redundant signal : address_bus[5]. (D:\Cloud\Github\CMD3_KIT\Software\TrionT8_KIT\TrionT8_KIT.sv:43)
[EFX-0200 WARNING] Removing redundant signal : address_bus[4]. (D:\Cloud\Github\CMD3_KIT\Software\TrionT8_KIT\TrionT8_KIT.sv:43)
[EFX-0200 WARNING] Removing redundant signal : address_bus[3]. (D:\Cloud\Github\CMD3_KIT\Software\TrionT8_KIT\TrionT8_KIT.sv:43)
[EFX-0200 WARNING] Removing redundant signal : address_bus[2]. (D:\Cloud\Github\CMD3_KIT\Software\TrionT8_KIT\TrionT8_KIT.sv:43)
[EFX-0200 WARNING] Removing redundant signal : address_bus[1]. (D:\Cloud\Github\CMD3_KIT\Software\TrionT8_KIT\TrionT8_KIT.sv:43)
[EFX-0200 WARNING] Removing redundant signal : address_bus[0]. (D:\Cloud\Github\CMD3_KIT\Software\TrionT8_KIT\TrionT8_KIT.sv:43)
[EFX-0200 WARNING] Removing redundant signal : data_bus[15]. (D:\Cloud\Github\CMD3_KIT\Software\TrionT8_KIT\TrionT8_KIT.sv:44)
[EFX-0200 WARNING] Removing redundant signal : data_bus[14]. (D:\Cloud\Github\CMD3_KIT\Software\TrionT8_KIT\TrionT8_KIT.sv:44)
[EFX-0201 WARNING] Re-wiring to GND non-driven net 'dev_sel[1]'. (D:\Cloud\Github\CMD3_KIT\Software\TrionT8_KIT\TrionT8_KIT.sv:47)
[EFX-0201 WARNING] Re-wiring to GND non-driven net 'dev_sel[0]'. (D:\Cloud\Github\CMD3_KIT\Software\TrionT8_KIT\TrionT8_KIT.sv:47)
[EFX-0011 VERI-WARNING] Input/Inout Port quartz_clk is unconnected and will be removed 
[EFX-0011 VERI-WARNING] Input/Inout Port FT_TX_Enable_n is unconnected and will be removed 
[EFX-0011 VERI-WARNING] Input/Inout Port FT_RX_Full_n is unconnected and will be removed 
[EFX-0011 VERI-WARNING] Input/Inout Port FT_PWR_n is unconnected and will be removed 

///////////////////////////////////
// Efinity Synthesis Started 
// Dec 12, 2022 22:45:51
///////////////////////////////////

[EFX-0011 VERI-WARNING] parameter 'NUM_MASTERS' declared inside package 'Skeleton_package' shall be treated as localparam (VERI-2418) (D:\Cloud\Github\CMD3_KIT\Software\TrionT8_KIT\prj_file\Skeleton_package.sv:6)
[EFX-0011 VERI-WARNING] parameter 'NUM_SLAVES' declared inside package 'Skeleton_package' shall be treated as localparam (VERI-2418) (D:\Cloud\Github\CMD3_KIT\Software\TrionT8_KIT\prj_file\Skeleton_package.sv:7)
[EFX-0011 VERI-WARNING] parameter 'USB_IFace_OFFSET' declared inside package 'Skeleton_package' shall be treated as localparam (VERI-2418) (D:\Cloud\Github\CMD3_KIT\Software\TrionT8_KIT\prj_file\Skeleton_package.sv:14)
[EFX-0011 VERI-WARNING] parameter 'USB_IFace_SIZE' declared inside package 'Skeleton_package' shall be treated as localparam (VERI-2418) (D:\Cloud\Github\CMD3_KIT\Software\TrionT8_KIT\prj_file\Skeleton_package.sv:15)
[EFX-0011 VERI-WARNING] parameter 'TEST_RAM_OFFSET' declared inside package 'Skeleton_package' shall be treated as localparam (VERI-2418) (D:\Cloud\Github\CMD3_KIT\Software\TrionT8_KIT\prj_file\Skeleton_package.sv:18)
[EFX-0011 VERI-WARNING] parameter 'TEST_RAM_SIZE' declared inside package 'Skeleton_package' shall be treated as localparam (VERI-2418) (D:\Cloud\Github\CMD3_KIT\Software\TrionT8_KIT\prj_file\Skeleton_package.sv:19)
[EFX-0011 VERI-WARNING] /* is inside a comment (VERI-1049) (D:\Cloud\Github\CMD3_KIT\Software\TrionT8_KIT\TrionT8_KIT.sv:70)
