
///////////////////////////////////
// Efinity Synthesis Started 
// Dec 12, 2022 21:48:50
///////////////////////////////////

[EFX-0010 VERI-ERROR] 'Skeleton_package' is not declared (VERI-1128) (D:\Cloud\Github\CMD3_KIT\Software\TrionT8_KIT\TrionT8_KIT.sv:1)
[EFX-0010 VERI-ERROR] 'NUM_MASTERS' is not declared (VERI-1128) (D:\Cloud\Github\CMD3_KIT\Software\TrionT8_KIT\TrionT8_KIT.sv:35)
[EFX-0010 VERI-ERROR] range must be bounded by constant expressions (VERI-1952) (D:\Cloud\Github\CMD3_KIT\Software\TrionT8_KIT\TrionT8_KIT.sv:35)
[EFX-0010 VERI-ERROR] 'NUM_MASTERS' is not declared (VERI-1128) (D:\Cloud\Github\CMD3_KIT\Software\TrionT8_KIT\TrionT8_KIT.sv:36)
[EFX-0010 VERI-ERROR] range must be bounded by constant expressions (VERI-1952) (D:\Cloud\Github\CMD3_KIT\Software\TrionT8_KIT\TrionT8_KIT.sv:36)
[EFX-0010 VERI-ERROR] 'NUM_SLAVES' is not declared (VERI-1128) (D:\Cloud\Github\CMD3_KIT\Software\TrionT8_KIT\TrionT8_KIT.sv:46)
[EFX-0010 VERI-ERROR] range must be bounded by constant expressions (VERI-1952) (D:\Cloud\Github\CMD3_KIT\Software\TrionT8_KIT\TrionT8_KIT.sv:46)
[EFX-0010 VERI-ERROR] 'NUM_SLAVES' is not declared (VERI-1128) (D:\Cloud\Github\CMD3_KIT\Software\TrionT8_KIT\TrionT8_KIT.sv:47)
[EFX-0010 VERI-ERROR] range must be bounded by constant expressions (VERI-1952) (D:\Cloud\Github\CMD3_KIT\Software\TrionT8_KIT\TrionT8_KIT.sv:47)
[EFX-0010 VERI-ERROR] 'NUM_MASTERS' is not declared (VERI-1128) (D:\Cloud\Github\CMD3_KIT\Software\TrionT8_KIT\TrionT8_KIT.sv:100)
[EFX-0010 VERI-ERROR] 'TEST_RAM_OFFSET' is not declared (VERI-1128) (D:\Cloud\Github\CMD3_KIT\Software\TrionT8_KIT\TrionT8_KIT.sv:137)
[EFX-0010 VERI-ERROR] 'TEST_RAM_OFFSET' is not declared (VERI-1128) (D:\Cloud\Github\CMD3_KIT\Software\TrionT8_KIT\TrionT8_KIT.sv:138)
[EFX-0010 VERI-ERROR] 'USB_IFace_OFFSET' is not declared (VERI-1128) (D:\Cloud\Github\CMD3_KIT\Software\TrionT8_KIT\TrionT8_KIT.sv:142)
[EFX-0010 VERI-ERROR] 'USB_IFace_OFFSET' is not declared (VERI-1128) (D:\Cloud\Github\CMD3_KIT\Software\TrionT8_KIT\TrionT8_KIT.sv:143)
[EFX-0010 VERI-ERROR] procedural assignment to a non-register 'data_bus' is not permitted (VERI-1100) (D:\Cloud\Github\CMD3_KIT\Software\TrionT8_KIT\TrionT8_KIT.sv:175)
[EFX-0010 VERI-ERROR] procedural assignment to a non-register 'data_bus' is not permitted (VERI-1100) (D:\Cloud\Github\CMD3_KIT\Software\TrionT8_KIT\TrionT8_KIT.sv:176)
[EFX-0010 VERI-ERROR] procedural assignment to a non-register 'data_bus' is not permitted (VERI-1100) (D:\Cloud\Github\CMD3_KIT\Software\TrionT8_KIT\TrionT8_KIT.sv:183)
[EFX-0010 VERI-ERROR] procedural assignment to a non-register 'data_bus' is not permitted (VERI-1100) (D:\Cloud\Github\CMD3_KIT\Software\TrionT8_KIT\TrionT8_KIT.sv:184)
[EFX-0010 VERI-ERROR] procedural assignment to a non-register 'data_bus' is not permitted (VERI-1100) (D:\Cloud\Github\CMD3_KIT\Software\TrionT8_KIT\TrionT8_KIT.sv:185)

///////////////////////////////////
// Efinity Synthesis Started 
// Dec 12, 2022 21:49:56
///////////////////////////////////

[EFX-0010 VERI-ERROR] procedural assignment to a non-register 'data_bus' is not permitted (VERI-1100) (D:\Cloud\Github\CMD3_KIT\Software\TrionT8_KIT\TrionT8_KIT.sv:175)
[EFX-0010 VERI-ERROR] procedural assignment to a non-register 'data_bus' is not permitted (VERI-1100) (D:\Cloud\Github\CMD3_KIT\Software\TrionT8_KIT\TrionT8_KIT.sv:176)
[EFX-0010 VERI-ERROR] procedural assignment to a non-register 'data_bus' is not permitted (VERI-1100) (D:\Cloud\Github\CMD3_KIT\Software\TrionT8_KIT\TrionT8_KIT.sv:183)
[EFX-0010 VERI-ERROR] procedural assignment to a non-register 'data_bus' is not permitted (VERI-1100) (D:\Cloud\Github\CMD3_KIT\Software\TrionT8_KIT\TrionT8_KIT.sv:184)
[EFX-0010 VERI-ERROR] procedural assignment to a non-register 'data_bus' is not permitted (VERI-1100) (D:\Cloud\Github\CMD3_KIT\Software\TrionT8_KIT\TrionT8_KIT.sv:185)
[EFX-0010 VERI-ERROR] procedural assignment to a non-register 'data_bus' is not permitted (VERI-1100) (D:\Cloud\Github\CMD3_KIT\Software\TrionT8_KIT\TrionT8_KIT.sv:186)
[EFX-0010 VERI-ERROR] procedural assignment to a non-register 'data_bus' is not permitted (VERI-1100) (D:\Cloud\Github\CMD3_KIT\Software\TrionT8_KIT\TrionT8_KIT.sv:187)
[EFX-0010 VERI-ERROR] module 'TrionT8_KIT' is ignored due to previous errors (VERI-1072) (D:\Cloud\Github\CMD3_KIT\Software\TrionT8_KIT\TrionT8_KIT.sv:279)

///////////////////////////////////
// Efinity Synthesis Started 
// Dec 12, 2022 21:51:20
///////////////////////////////////

[EFX-0010 VERI-ERROR] instantiating unknown module 'Prj_PLL' (VERI-1063) (D:\Cloud\Github\CMD3_KIT\Software\TrionT8_KIT\TrionT8_KIT.sv:77)
[EFX-0021 ERROR] Verific elaboration of module 'TrionT8_KIT' failed.

///////////////////////////////////
// Efinity Synthesis Started 
// Dec 12, 2022 22:21:29
///////////////////////////////////

[EFX-0010 VERI-ERROR] instantiating unknown module 'Arbiter1' (VERI-1063) (D:\Cloud\Github\CMD3_KIT\Software\TrionT8_KIT\TrionT8_KIT.sv:112)
[EFX-0021 ERROR] Verific elaboration of module 'TrionT8_KIT' failed.

///////////////////////////////////
// Efinity Synthesis Started 
// Dec 12, 2022 22:22:15
///////////////////////////////////

[EFX-0010 VERI-ERROR] instantiating unknown module 'Arbiter1' (VERI-1063) (D:\Cloud\Github\CMD3_KIT\Software\TrionT8_KIT\TrionT8_KIT.sv:112)
[EFX-0021 ERROR] Verific elaboration of module 'TrionT8_KIT' failed.

///////////////////////////////////
// Efinity Synthesis Started 
// Dec 12, 2022 22:22:40
///////////////////////////////////

[EFX-0010 VERI-ERROR] instantiating unknown module 'USB_RAM_Reg' (VERI-1063) (D:\Cloud\Github\CMD3_KIT\Software\TrionT8_KIT\TrionT8_KIT.sv:234)
[EFX-0021 ERROR] Verific elaboration of module 'TrionT8_KIT' failed.

///////////////////////////////////
// Efinity Synthesis Started 
// Dec 12, 2022 22:23:06
///////////////////////////////////

[EFX-0010 VERI-ERROR] instantiating unknown module 'Dual_Port_RAM' (VERI-1063) (D:\Cloud\Github\CMD3_KIT\Software\TrionT8_KIT\prj_file\USB_RAM_Reg.sv:371)
[EFX-0021 ERROR] Verific elaboration of module 'TrionT8_KIT' failed.

///////////////////////////////////
// Efinity Synthesis Started 
// Dec 12, 2022 22:23:37
///////////////////////////////////

[EFX-0265 ERROR] Bi-directional port 'FT_Data_Bus[7]' is not supported in this device.

///////////////////////////////////
// Efinity Synthesis Started 
// Dec 12, 2022 22:36:44
///////////////////////////////////

[EFX-0265 ERROR] Bi-directional port 'FT_Data_Bus[7]' is not supported in this device.

///////////////////////////////////
// Efinity Synthesis Started 
// Dec 12, 2022 22:41:37
///////////////////////////////////

[EFX-0410 ERROR] Signal driving output port 'LedB' is tristated. This is not supported. 

///////////////////////////////////
// Efinity Synthesis Started 
// Dec 12, 2022 22:42:52
///////////////////////////////////

[EFX-0410 ERROR] Signal driving output port 'LedB' is tristated. This is not supported. 

///////////////////////////////////
// Efinity Synthesis Started 
// Dec 12, 2022 22:43:00
///////////////////////////////////

[EFX-0010 VERI-ERROR] Post-synthesis netlist has only vcc and gnd nets. Legal, but will cause router to crash. 

///////////////////////////////////
// Efinity Synthesis Started 
// Dec 12, 2022 22:43:15
///////////////////////////////////

[EFX-0010 VERI-ERROR] Post-synthesis netlist has only vcc and gnd nets. Legal, but will cause router to crash. 

///////////////////////////////////
// Efinity Synthesis Started 
// Dec 12, 2022 22:44:37
///////////////////////////////////

[EFX-0010 VERI-ERROR] Post-synthesis netlist has only vcc and gnd nets. Legal, but will cause router to crash. 

///////////////////////////////////
// Efinity Synthesis Started 
// Dec 12, 2022 22:45:10
///////////////////////////////////

[EFX-0010 VERI-ERROR] Post-synthesis netlist has only vcc and gnd nets. Legal, but will cause router to crash. 

///////////////////////////////////
// Efinity Synthesis Started 
// Dec 12, 2022 22:45:51
///////////////////////////////////

[EFX-0010 VERI-ERROR] */ is outside a comment (VERI-1189) (D:\Cloud\Github\CMD3_KIT\Software\TrionT8_KIT\TrionT8_KIT.sv:129)
[EFX-0010 VERI-ERROR] cannot index into non-array type logic for 'barq' (VERI-1011) (D:\Cloud\Github\CMD3_KIT\Software\TrionT8_KIT\TrionT8_KIT.sv:85)
[EFX-0010 VERI-ERROR] 'USB_AccessRequest' is not declared (VERI-1128) (D:\Cloud\Github\CMD3_KIT\Software\TrionT8_KIT\TrionT8_KIT.sv:85)
[EFX-0010 VERI-ERROR] cannot index into non-array type logic for 'barq' (VERI-1011) (D:\Cloud\Github\CMD3_KIT\Software\TrionT8_KIT\TrionT8_KIT.sv:86)
[EFX-0010 VERI-ERROR] cannot index into non-array type logic for 'barq' (VERI-1011) (D:\Cloud\Github\CMD3_KIT\Software\TrionT8_KIT\TrionT8_KIT.sv:87)
[EFX-0010 VERI-ERROR] cannot index into non-array type logic for 'barq' (VERI-1011) (D:\Cloud\Github\CMD3_KIT\Software\TrionT8_KIT\TrionT8_KIT.sv:88)
[EFX-0010 VERI-ERROR] cannot index into non-array type logic for 'bagd' (VERI-1011) (D:\Cloud\Github\CMD3_KIT\Software\TrionT8_KIT\TrionT8_KIT.sv:91)
[EFX-0010 VERI-ERROR] 'dev_sel' is not declared (VERI-1128) (D:\Cloud\Github\CMD3_KIT\Software\TrionT8_KIT\TrionT8_KIT.sv:93)
[EFX-0010 VERI-ERROR] 'dev_sel' is not declared (VERI-1128) (D:\Cloud\Github\CMD3_KIT\Software\TrionT8_KIT\TrionT8_KIT.sv:94)
[EFX-0010 VERI-ERROR] module 'TrionT8_KIT' is ignored due to previous errors (VERI-1072) (D:\Cloud\Github\CMD3_KIT\Software\TrionT8_KIT\TrionT8_KIT.sv:279)
